#! /usr/bin/vvp
:ivl_version "11.0 (stable)";
:ivl_delay_selection "TYPICAL";
:vpi_time_precision - 9;
:vpi_module "/usr/lib/x86_64-linux-gnu/ivl/system.vpi";
:vpi_module "/usr/lib/x86_64-linux-gnu/ivl/vhdl_sys.vpi";
:vpi_module "/usr/lib/x86_64-linux-gnu/ivl/vhdl_textio.vpi";
:vpi_module "/usr/lib/x86_64-linux-gnu/ivl/v2005_math.vpi";
:vpi_module "/usr/lib/x86_64-linux-gnu/ivl/va_math.vpi";
S_0x558587069810 .scope module, "top_tb" "top_tb" 2 4;
 .timescale -9 -9;
v0x5585870b86a0_0 .var "clk", 0 0;
E_0x558586f9c6e0 .event edge, v0x55858709a080_0;
S_0x558587055710 .scope module, "top" "Top" 2 8, 3 16 0, S_0x558587069810;
 .timescale 0 0;
    .port_info 0 /INPUT 1 "clk";
P_0x558587063920 .param/l "WIDTH" 0 3 93, +C4<00000000000000000000000000100000>;
v0x5585870b3de0_0 .net *"_ivl_9", 3 0, L_0x5585870c9170;  1 drivers
v0x5585870b3ec0_0 .net "alu_b", 31 0, L_0x5585870cb200;  1 drivers
v0x5585870b3fd0_0 .net "alu_op", 1 0, v0x558587099230_0;  1 drivers
v0x5585870b40c0_0 .net "alu_op_ix", 1 0, v0x5585870a3220_0;  1 drivers
v0x5585870b41d0_0 .net "alu_result", 31 0, v0x558587097b90_0;  1 drivers
v0x5585870b4330_0 .net "alu_src", 0 0, v0x558587099330_0;  1 drivers
v0x5585870b4420_0 .net "alu_src_ix", 0 0, v0x5585870a38d0_0;  1 drivers
v0x5585870b4510_0 .net "branch", 0 0, v0x5585870993f0_0;  1 drivers
v0x5585870b4600_0 .net "branch_addr", 31 0, L_0x5585870cadf0;  1 drivers
v0x5585870b46c0_0 .net "branch_addr_xm", 31 0, v0x5585870ad900_0;  1 drivers
v0x5585870b47d0_0 .net "branch_ix", 0 0, v0x5585870a3fd0_0;  1 drivers
v0x5585870b48c0_0 .net "branch_xm", 0 0, v0x5585870ad200_0;  1 drivers
v0x5585870b49b0_0 .net "clk", 0 0, v0x5585870b86a0_0;  1 drivers
v0x5585870b4a50_0 .net "controlmuxbit", 0 0, v0x5585870756c0_0;  1 drivers
v0x5585870b4af0_0 .net "hazardAluOp", 1 0, L_0x5585870c9bf0;  1 drivers
v0x5585870b4c00_0 .net "hazardAluSrc", 0 0, L_0x5585870c9a60;  1 drivers
v0x5585870b4cf0_0 .net "hazardBranch", 0 0, L_0x5585870c9610;  1 drivers
v0x5585870b4de0_0 .net "hazardJump", 0 0, L_0x5585870c94d0;  1 drivers
v0x5585870b4ed0_0 .net "hazardMemRead", 0 0, L_0x5585870c9700;  1 drivers
v0x5585870b4fc0_0 .net "hazardMemWrite", 0 0, L_0x5585870c98e0;  1 drivers
v0x5585870b50b0_0 .net "hazardMemtoReg", 0 0, L_0x5585870c97f0;  1 drivers
v0x5585870b51a0_0 .net "hazardRegDst", 0 0, L_0x5585870c93e0;  1 drivers
v0x5585870b5290_0 .net "hazardRegWrite", 0 0, L_0x5585870c9b00;  1 drivers
v0x5585870b5380_0 .net "hazardbit", 0 0, v0x5585870708e0_0;  1 drivers
v0x5585870b5420_0 .net "ifidWrite", 0 0, v0x558587097310_0;  1 drivers
v0x5585870b54c0_0 .net "imm", 31 0, L_0x5585870ca910;  1 drivers
v0x5585870b55b0_0 .net "imm_ix", 31 0, v0x5585870a46b0_0;  1 drivers
v0x5585870b5670_0 .net "instruction", 31 0, L_0x5585870b8850;  1 drivers
v0x5585870b5780_0 .net "instruction_fd", 31 0, v0x5585870a2b10_0;  1 drivers
v0x5585870b5840_0 .net "jump", 0 0, v0x5585870994c0_0;  1 drivers
v0x5585870b5930_0 .net "jump_addr", 27 0, L_0x5585870c8e60;  1 drivers
v0x5585870b59d0_0 .net "jump_addr32", 31 0, L_0x5585870c9210;  1 drivers
v0x5585870b5a70_0 .net "jump_ix", 0 0, v0x5585870a4f00_0;  1 drivers
v0x5585870b5b60_0 .net "jump_xm", 0 0, v0x5585870ae000_0;  1 drivers
v0x5585870b5c50_0 .net "mem_read", 0 0, v0x558587099580_0;  1 drivers
v0x5585870b5d40_0 .net "mem_read_ix", 0 0, v0x5585870a5610_0;  1 drivers
v0x5585870b5de0_0 .net "mem_read_xm", 0 0, v0x5585870ae720_0;  1 drivers
v0x5585870b5ed0_0 .net "mem_to_reg", 0 0, v0x558587099690_0;  1 drivers
v0x5585870b5fc0_0 .net "mem_to_reg_ix", 0 0, v0x5585870a5f20_0;  1 drivers
v0x5585870b60b0_0 .net "mem_to_reg_mb", 0 0, v0x5585870aaeb0_0;  1 drivers
v0x5585870b61a0_0 .net "mem_to_reg_xm", 0 0, v0x5585870aee10_0;  1 drivers
v0x5585870b6290_0 .net "mem_write", 0 0, v0x558587099750_0;  1 drivers
v0x5585870b6380_0 .net "mem_write_ix", 0 0, v0x5585870a6630_0;  1 drivers
v0x5585870b6470_0 .net "mem_write_xm", 0 0, v0x5585870af510_0;  1 drivers
v0x5585870b6560_0 .net "mux_br_out", 31 0, L_0x5585870cb6a0;  1 drivers
v0x5585870b6650_0 .net "op", 3 0, v0x558587098150_0;  1 drivers
v0x5585870b6760_0 .net "pc_in", 31 0, L_0x5585870cb740;  1 drivers
v0x5585870b6870_0 .net "pc_next", 31 0, L_0x5585870b87b0;  1 drivers
v0x5585870b6930_0 .net "pc_next_fd", 31 0, v0x5585870a2410_0;  1 drivers
v0x5585870b6a40_0 .net "pc_next_ix", 31 0, v0x5585870a6d40_0;  1 drivers
v0x5585870b6b50_0 .net "pc_out", 31 0, v0x5585870a1760_0;  1 drivers
v0x5585870b6c10_0 .net "pc_src", 0 0, v0x558587098840_0;  1 drivers
v0x5585870b6d00_0 .net "pcwrite", 0 0, v0x558587097570_0;  1 drivers
v0x5585870b6df0_0 .net "rd_ix", 4 0, v0x5585870a7410_0;  1 drivers
v0x5585870b6eb0_0 .net "read_data", 31 0, L_0x5585870cb9d0;  1 drivers
v0x5585870b6fc0_0 .net "read_data_mb", 31 0, v0x5585870ab5f0_0;  1 drivers
v0x5585870b70d0_0 .net "reg_dst", 0 0, v0x5585870998f0_0;  1 drivers
v0x5585870b71c0_0 .net "reg_dst_ix", 0 0, v0x5585870a8b90_0;  1 drivers
v0x5585870b7260_0 .net "reg_write", 0 0, v0x5585870999b0_0;  1 drivers
v0x5585870b7350_0 .net "reg_write_ix", 0 0, v0x5585870a92a0_0;  1 drivers
v0x5585870b73f0_0 .net "reg_write_mb", 0 0, v0x5585870abcf0_0;  1 drivers
v0x5585870b7490_0 .net "reg_write_xm", 0 0, v0x5585870b0750_0;  1 drivers
v0x5585870b7530_0 .net "result_mb", 31 0, v0x5585870aa7e0_0;  1 drivers
v0x5585870b7640_0 .net "result_xm", 31 0, v0x5585870acaf0_0;  1 drivers
v0x5585870b7700_0 .net "rs_ix", 4 0, v0x5585870a9970_0;  1 drivers
v0x5585870b7bb0_0 .net "rs_value", 31 0, L_0x5585870c9ec0;  1 drivers
v0x5585870b7ca0_0 .net "rs_value_ix", 31 0, v0x5585870a7b30_0;  1 drivers
v0x5585870b7d90_0 .net "rt_ix", 4 0, v0x5585870aa090_0;  1 drivers
v0x5585870b7e30_0 .net "rt_value", 31 0, L_0x5585870ca160;  1 drivers
v0x5585870b7f20_0 .net "rt_value_ix", 31 0, v0x5585870a8240_0;  1 drivers
v0x5585870b7fc0_0 .net "rt_value_xm", 31 0, v0x5585870b0040_0;  1 drivers
v0x5585870b80b0_0 .net "simm", 31 0, L_0x5585870cb030;  1 drivers
v0x5585870b81a0_0 .net "write_data", 31 0, L_0x5585870cbbc0;  1 drivers
v0x5585870b8290_0 .net "write_reg", 4 0, L_0x5585870cad50;  1 drivers
v0x5585870b8380_0 .net "write_reg_mb", 4 0, v0x5585870ac3f0_0;  1 drivers
v0x5585870b8420_0 .net "write_reg_xm", 4 0, v0x5585870b0e50_0;  1 drivers
v0x5585870b84c0_0 .net "zero", 0 0, L_0x5585870cb330;  1 drivers
v0x5585870b85b0_0 .net "zero_xm", 0 0, v0x5585870b1560_0;  1 drivers
L_0x5585870c8af0 .part v0x5585870a2b10_0, 21, 5;
L_0x5585870c8be0 .part v0x5585870a2b10_0, 16, 5;
L_0x5585870c8ff0 .part v0x5585870a2b10_0, 0, 26;
L_0x5585870c9170 .part v0x5585870a2410_0, 28, 4;
L_0x5585870c9210 .concat [ 28 4 0 0], L_0x5585870c8e60, L_0x5585870c9170;
L_0x5585870c9300 .part v0x5585870a2b10_0, 26, 6;
L_0x5585870ca220 .part v0x5585870a2b10_0, 21, 5;
L_0x5585870ca310 .part v0x5585870a2b10_0, 16, 5;
L_0x5585870caa00 .part v0x5585870a2b10_0, 0, 16;
L_0x5585870caaa0 .part v0x5585870a2b10_0, 21, 5;
L_0x5585870caba0 .part v0x5585870a2b10_0, 16, 5;
L_0x5585870cac40 .part v0x5585870a2b10_0, 11, 5;
L_0x5585870cb160 .part v0x5585870a46b0_0, 0, 6;
S_0x558587053d00 .scope module, "HD" "hazardDetection" 3 104, 4 1 0, S_0x558587055710;
 .timescale 0 0;
    .port_info 0 /INPUT 1 "ID_EX_regwrite";
    .port_info 1 /INPUT 1 "EX_MEM_regwrite";
    .port_info 2 /INPUT 1 "MEM_WB_regwrite";
    .port_info 3 /OUTPUT 1 "HazardBit";
    .port_info 4 /OUTPUT 1 "PCWrite";
    .port_info 5 /OUTPUT 1 "IF_ID_write";
    .port_info 6 /OUTPUT 1 "ControlMuxBit";
    .port_info 7 /INPUT 1 "ID_EX_MemRead";
    .port_info 8 /INPUT 1 "ID_EX_regdst";
    .port_info 9 /INPUT 5 "ID_EX_rt";
    .port_info 10 /INPUT 5 "ID_EX_rd";
    .port_info 11 /INPUT 5 "IF_ID_rs";
    .port_info 12 /INPUT 5 "IF_ID_rt";
    .port_info 13 /INPUT 5 "EX_MEM_rd";
    .port_info 14 /INPUT 5 "MEM_WB_rd";
v0x5585870756c0_0 .var "ControlMuxBit", 0 0;
v0x55858706e7b0_0 .net "EX_MEM_rd", 4 0, v0x5585870b0e50_0;  alias, 1 drivers
v0x558587071f20_0 .net "EX_MEM_regwrite", 0 0, v0x5585870b0750_0;  alias, 1 drivers
v0x5585870708e0_0 .var "HazardBit", 0 0;
v0x558587057dc0_0 .net "ID_EX_MemRead", 0 0, v0x5585870a5610_0;  alias, 1 drivers
v0x558587057600_0 .net "ID_EX_rd", 4 0, v0x5585870a7410_0;  alias, 1 drivers
v0x558587054460_0 .net "ID_EX_regdst", 0 0, v0x5585870a8b90_0;  alias, 1 drivers
v0x558587096fb0_0 .net "ID_EX_regwrite", 0 0, v0x5585870a92a0_0;  alias, 1 drivers
v0x558587097070_0 .net "ID_EX_rt", 4 0, v0x5585870aa090_0;  alias, 1 drivers
v0x558587097150_0 .net "IF_ID_rs", 4 0, L_0x5585870c8af0;  1 drivers
v0x558587097230_0 .net "IF_ID_rt", 4 0, L_0x5585870c8be0;  1 drivers
v0x558587097310_0 .var "IF_ID_write", 0 0;
v0x5585870973d0_0 .net "MEM_WB_rd", 4 0, v0x5585870ac3f0_0;  alias, 1 drivers
v0x5585870974b0_0 .net "MEM_WB_regwrite", 0 0, v0x5585870abcf0_0;  alias, 1 drivers
v0x558587097570_0 .var "PCWrite", 0 0;
o0x7f9621e722e8 .functor BUFZ 10, C4<zzzzzzzzzz>; HiZ drive
v0x558587097630_0 .net "controlbits", 9 0, o0x7f9621e722e8;  0 drivers
E_0x558586fd4b30/0 .event edge, v0x558587057dc0_0, v0x558587097070_0, v0x558587097150_0, v0x558587097230_0;
E_0x558586fd4b30/1 .event edge, v0x558587054460_0, v0x558587096fb0_0, v0x558587057600_0, v0x55858706e7b0_0;
E_0x558586fd4b30/2 .event edge, v0x558587071f20_0, v0x5585870973d0_0, v0x5585870974b0_0;
E_0x558586fd4b30 .event/or E_0x558586fd4b30/0, E_0x558586fd4b30/1, E_0x558586fd4b30/2;
S_0x55858706a630 .scope module, "alu" "Alu" 3 161, 5 1 0, S_0x558587055710;
 .timescale 0 0;
    .port_info 0 /INPUT 4 "op";
    .port_info 1 /INPUT 32 "a";
    .port_info 2 /INPUT 32 "b";
    .port_info 3 /OUTPUT 32 "c";
    .port_info 4 /OUTPUT 1 "zero";
v0x5585870979b0_0 .net "a", 31 0, v0x5585870a7b30_0;  alias, 1 drivers
v0x558587097ab0_0 .net "b", 31 0, L_0x5585870cb200;  alias, 1 drivers
v0x558587097b90_0 .var "c", 31 0;
v0x558587097c50_0 .net "op", 3 0, v0x558587098150_0;  alias, 1 drivers
v0x558587097d30_0 .net "zero", 0 0, L_0x5585870cb330;  alias, 1 drivers
E_0x558586fd4eb0 .event edge, v0x558587097c50_0, v0x5585870979b0_0, v0x558587097ab0_0;
L_0x5585870cb330 .reduce/nor v0x558587097b90_0;
S_0x558587097ee0 .scope module, "alu_control" "AluControl" 3 159, 6 1 0, S_0x558587055710;
 .timescale 0 0;
    .port_info 0 /INPUT 2 "alu_op";
    .port_info 1 /INPUT 6 "funct";
    .port_info 2 /OUTPUT 4 "alu_control";
v0x558587098150_0 .var "alu_control", 3 0;
v0x558587098230_0 .net "alu_op", 1 0, v0x5585870a3220_0;  alias, 1 drivers
v0x5585870982f0_0 .net "funct", 5 0, L_0x5585870cb160;  1 drivers
E_0x558586fc01b0 .event edge, v0x558587098230_0, v0x5585870982f0_0;
S_0x558587098430 .scope module, "and_branch" "And" 3 177, 7 1 0, S_0x558587055710;
 .timescale 0 0;
    .port_info 0 /INPUT 1 "a";
    .port_info 1 /INPUT 1 "b";
    .port_info 2 /OUTPUT 1 "result";
v0x5585870986a0_0 .net "a", 0 0, v0x5585870ad200_0;  alias, 1 drivers
v0x558587098780_0 .net "b", 0 0, v0x5585870b1560_0;  alias, 1 drivers
v0x558587098840_0 .var "result", 0 0;
E_0x55858708adb0 .event edge, v0x5585870986a0_0, v0x558587098780_0;
S_0x558587098990 .scope module, "branch_adder" "Adder" 3 156, 8 1 0, S_0x558587055710;
 .timescale 0 0;
    .port_info 0 /INPUT 32 "in1";
    .port_info 1 /INPUT 32 "in2";
    .port_info 2 /OUTPUT 32 "out";
v0x558587098c10_0 .net "in1", 31 0, v0x5585870a6d40_0;  alias, 1 drivers
v0x558587098d10_0 .net "in2", 31 0, L_0x5585870cb030;  alias, 1 drivers
v0x558587098df0_0 .net "out", 31 0, L_0x5585870cadf0;  alias, 1 drivers
L_0x5585870cadf0 .arith/sum 32, v0x5585870a6d40_0, L_0x5585870cb030;
S_0x558587098f30 .scope module, "control" "Control" 3 107, 9 1 0, S_0x558587055710;
 .timescale 0 0;
    .port_info 0 /INPUT 6 "opcode";
    .port_info 1 /OUTPUT 1 "reg_dst";
    .port_info 2 /OUTPUT 1 "jump";
    .port_info 3 /OUTPUT 1 "branch";
    .port_info 4 /OUTPUT 1 "mem_read";
    .port_info 5 /OUTPUT 1 "mem_to_reg";
    .port_info 6 /OUTPUT 2 "alu_op";
    .port_info 7 /OUTPUT 1 "mem_write";
    .port_info 8 /OUTPUT 1 "alu_src";
    .port_info 9 /OUTPUT 1 "reg_write";
v0x558587099230_0 .var "alu_op", 1 0;
v0x558587099330_0 .var "alu_src", 0 0;
v0x5585870993f0_0 .var "branch", 0 0;
v0x5585870994c0_0 .var "jump", 0 0;
v0x558587099580_0 .var "mem_read", 0 0;
v0x558587099690_0 .var "mem_to_reg", 0 0;
v0x558587099750_0 .var "mem_write", 0 0;
v0x558587099810_0 .net "opcode", 5 0, L_0x5585870c9300;  1 drivers
v0x5585870998f0_0 .var "reg_dst", 0 0;
v0x5585870999b0_0 .var "reg_write", 0 0;
E_0x55858708b480 .event edge, v0x558587099810_0;
S_0x558587099bb0 .scope module, "dmem" "Dmem" 3 181, 10 1 0, S_0x558587055710;
 .timescale 0 0;
    .port_info 0 /INPUT 1 "clk";
    .port_info 1 /INPUT 32 "address";
    .port_info 2 /INPUT 32 "write_data";
    .port_info 3 /INPUT 1 "mem_read";
    .port_info 4 /INPUT 1 "mem_write";
    .port_info 5 /OUTPUT 32 "read_data";
v0x558587099ea0_0 .net *"_ivl_0", 31 0, L_0x5585870cb870;  1 drivers
v0x558587099fa0_0 .net "address", 31 0, v0x5585870acaf0_0;  alias, 1 drivers
v0x55858709a080_0 .net "clk", 0 0, v0x5585870b86a0_0;  alias, 1 drivers
v0x55858709a120 .array "mem", 255 0, 31 0;
v0x55858709a1e0_0 .net "mem_read", 0 0, v0x5585870ae720_0;  alias, 1 drivers
v0x55858709a2f0_0 .net "mem_write", 0 0, v0x5585870af510_0;  alias, 1 drivers
v0x55858709a3b0_0 .net "read_data", 31 0, L_0x5585870cb9d0;  alias, 1 drivers
v0x55858709a490_0 .net "write_data", 31 0, v0x5585870b0040_0;  alias, 1 drivers
E_0x558587099e20 .event posedge, v0x55858709a080_0;
L_0x5585870cb870 .array/port v0x55858709a120, v0x5585870acaf0_0;
L_0x5585870cb9d0 .functor MUXZ 32, L_0x5585870cb9d0, L_0x5585870cb870, v0x5585870ae720_0, C4<>;
S_0x55858709a670 .scope module, "hazard_aluop" "Mux" 3 126, 11 1 0, S_0x558587055710;
 .timescale 0 0;
    .port_info 0 /INPUT 1 "flag";
    .port_info 1 /INPUT 2 "in1";
    .port_info 2 /INPUT 2 "in2";
    .port_info 3 /OUTPUT 2 "out";
P_0x55858709a850 .param/l "WIDTH" 0 11 2, +C4<00000000000000000000000000000010>;
v0x55858709a9b0_0 .net "flag", 0 0, v0x5585870756c0_0;  alias, 1 drivers
v0x55858709aaa0_0 .net "in1", 1 0, v0x558587099230_0;  alias, 1 drivers
L_0x7f9621e29330 .functor BUFT 1, C4<00>, C4<0>, C4<0>, C4<0>;
v0x55858709ab70_0 .net "in2", 1 0, L_0x7f9621e29330;  1 drivers
v0x55858709ac40_0 .net "out", 1 0, L_0x5585870c9bf0;  alias, 1 drivers
L_0x5585870c9bf0 .functor MUXZ 2, v0x558587099230_0, L_0x7f9621e29330, v0x5585870756c0_0, C4<>;
S_0x55858709add0 .scope module, "hazard_alusrc" "Mux" 3 124, 11 1 0, S_0x558587055710;
 .timescale 0 0;
    .port_info 0 /INPUT 1 "flag";
    .port_info 1 /INPUT 1 "in1";
    .port_info 2 /INPUT 1 "in2";
    .port_info 3 /OUTPUT 1 "out";
P_0x558587098b70 .param/l "WIDTH" 0 11 2, +C4<00000000000000000000000000000001>;
v0x55858709b0c0_0 .net "flag", 0 0, v0x5585870756c0_0;  alias, 1 drivers
v0x55858709b1d0_0 .net "in1", 0 0, v0x558587099330_0;  alias, 1 drivers
L_0x7f9621e292a0 .functor BUFT 1, C4<0>, C4<0>, C4<0>, C4<0>;
v0x55858709b290_0 .net "in2", 0 0, L_0x7f9621e292a0;  1 drivers
v0x55858709b360_0 .net "out", 0 0, L_0x5585870c9a60;  alias, 1 drivers
L_0x5585870c9a60 .functor MUXZ 1, v0x558587099330_0, L_0x7f9621e292a0, v0x5585870756c0_0, C4<>;
S_0x55858709b4f0 .scope module, "hazard_branch" "Mux" 3 120, 11 1 0, S_0x558587055710;
 .timescale 0 0;
    .port_info 0 /INPUT 1 "flag";
    .port_info 1 /INPUT 1 "in1";
    .port_info 2 /INPUT 1 "in2";
    .port_info 3 /OUTPUT 1 "out";
P_0x55858709b6d0 .param/l "WIDTH" 0 11 2, +C4<00000000000000000000000000000001>;
v0x55858709b7a0_0 .net "flag", 0 0, v0x5585870756c0_0;  alias, 1 drivers
v0x55858709b860_0 .net "in1", 0 0, v0x5585870993f0_0;  alias, 1 drivers
L_0x7f9621e29180 .functor BUFT 1, C4<0>, C4<0>, C4<0>, C4<0>;
v0x55858709b950_0 .net "in2", 0 0, L_0x7f9621e29180;  1 drivers
v0x55858709ba20_0 .net "out", 0 0, L_0x5585870c9610;  alias, 1 drivers
L_0x5585870c9610 .functor MUXZ 1, v0x5585870993f0_0, L_0x7f9621e29180, v0x5585870756c0_0, C4<>;
S_0x55858709bbb0 .scope module, "hazard_jump" "Mux" 3 119, 11 1 0, S_0x558587055710;
 .timescale 0 0;
    .port_info 0 /INPUT 1 "flag";
    .port_info 1 /INPUT 1 "in1";
    .port_info 2 /INPUT 1 "in2";
    .port_info 3 /OUTPUT 1 "out";
P_0x55858709bd90 .param/l "WIDTH" 0 11 2, +C4<00000000000000000000000000000001>;
v0x55858709be60_0 .net "flag", 0 0, v0x5585870756c0_0;  alias, 1 drivers
v0x55858709bf20_0 .net "in1", 0 0, v0x5585870994c0_0;  alias, 1 drivers
L_0x7f9621e29138 .functor BUFT 1, C4<0>, C4<0>, C4<0>, C4<0>;
v0x55858709c010_0 .net "in2", 0 0, L_0x7f9621e29138;  1 drivers
v0x55858709c0e0_0 .net "out", 0 0, L_0x5585870c94d0;  alias, 1 drivers
L_0x5585870c94d0 .functor MUXZ 1, v0x5585870994c0_0, L_0x7f9621e29138, v0x5585870756c0_0, C4<>;
S_0x55858709c270 .scope module, "hazard_mem_read" "Mux" 3 121, 11 1 0, S_0x558587055710;
 .timescale 0 0;
    .port_info 0 /INPUT 1 "flag";
    .port_info 1 /INPUT 1 "in1";
    .port_info 2 /INPUT 1 "in2";
    .port_info 3 /OUTPUT 1 "out";
P_0x55858709c400 .param/l "WIDTH" 0 11 2, +C4<00000000000000000000000000000001>;
v0x55858709c560_0 .net "flag", 0 0, v0x5585870756c0_0;  alias, 1 drivers
v0x55858709c620_0 .net "in1", 0 0, v0x558587099580_0;  alias, 1 drivers
L_0x7f9621e291c8 .functor BUFT 1, C4<0>, C4<0>, C4<0>, C4<0>;
v0x55858709c710_0 .net "in2", 0 0, L_0x7f9621e291c8;  1 drivers
v0x55858709c7e0_0 .net "out", 0 0, L_0x5585870c9700;  alias, 1 drivers
L_0x5585870c9700 .functor MUXZ 1, v0x558587099580_0, L_0x7f9621e291c8, v0x5585870756c0_0, C4<>;
S_0x55858709c970 .scope module, "hazard_memtoreg" "Mux" 3 122, 11 1 0, S_0x558587055710;
 .timescale 0 0;
    .port_info 0 /INPUT 1 "flag";
    .port_info 1 /INPUT 1 "in1";
    .port_info 2 /INPUT 1 "in2";
    .port_info 3 /OUTPUT 1 "out";
P_0x55858709cb50 .param/l "WIDTH" 0 11 2, +C4<00000000000000000000000000000001>;
v0x55858709cc20_0 .net "flag", 0 0, v0x5585870756c0_0;  alias, 1 drivers
v0x55858709cce0_0 .net "in1", 0 0, v0x558587099690_0;  alias, 1 drivers
L_0x7f9621e29210 .functor BUFT 1, C4<0>, C4<0>, C4<0>, C4<0>;
v0x55858709cdd0_0 .net "in2", 0 0, L_0x7f9621e29210;  1 drivers
v0x55858709cea0_0 .net "out", 0 0, L_0x5585870c97f0;  alias, 1 drivers
L_0x5585870c97f0 .functor MUXZ 1, v0x558587099690_0, L_0x7f9621e29210, v0x5585870756c0_0, C4<>;
S_0x55858709d030 .scope module, "hazard_memwrite" "Mux" 3 123, 11 1 0, S_0x558587055710;
 .timescale 0 0;
    .port_info 0 /INPUT 1 "flag";
    .port_info 1 /INPUT 1 "in1";
    .port_info 2 /INPUT 1 "in2";
    .port_info 3 /OUTPUT 1 "out";
P_0x55858709d210 .param/l "WIDTH" 0 11 2, +C4<00000000000000000000000000000001>;
v0x55858709d2e0_0 .net "flag", 0 0, v0x5585870756c0_0;  alias, 1 drivers
v0x55858709d3a0_0 .net "in1", 0 0, v0x558587099750_0;  alias, 1 drivers
L_0x7f9621e29258 .functor BUFT 1, C4<0>, C4<0>, C4<0>, C4<0>;
v0x55858709d490_0 .net "in2", 0 0, L_0x7f9621e29258;  1 drivers
v0x55858709d560_0 .net "out", 0 0, L_0x5585870c98e0;  alias, 1 drivers
L_0x5585870c98e0 .functor MUXZ 1, v0x558587099750_0, L_0x7f9621e29258, v0x5585870756c0_0, C4<>;
S_0x55858709d6f0 .scope module, "hazard_regdst" "Mux" 3 118, 11 1 0, S_0x558587055710;
 .timescale 0 0;
    .port_info 0 /INPUT 1 "flag";
    .port_info 1 /INPUT 1 "in1";
    .port_info 2 /INPUT 1 "in2";
    .port_info 3 /OUTPUT 1 "out";
P_0x55858709d8d0 .param/l "WIDTH" 0 11 2, +C4<00000000000000000000000000000001>;
v0x55858709da10_0 .net "flag", 0 0, v0x5585870756c0_0;  alias, 1 drivers
v0x55858709dad0_0 .net "in1", 0 0, v0x5585870998f0_0;  alias, 1 drivers
L_0x7f9621e290f0 .functor BUFT 1, C4<0>, C4<0>, C4<0>, C4<0>;
v0x55858709dbc0_0 .net "in2", 0 0, L_0x7f9621e290f0;  1 drivers
v0x55858709dc90_0 .net "out", 0 0, L_0x5585870c93e0;  alias, 1 drivers
L_0x5585870c93e0 .functor MUXZ 1, v0x5585870998f0_0, L_0x7f9621e290f0, v0x5585870756c0_0, C4<>;
S_0x55858709de20 .scope module, "hazard_regwrite" "Mux" 3 125, 11 1 0, S_0x558587055710;
 .timescale 0 0;
    .port_info 0 /INPUT 1 "flag";
    .port_info 1 /INPUT 1 "in1";
    .port_info 2 /INPUT 1 "in2";
    .port_info 3 /OUTPUT 1 "out";
P_0x55858709e000 .param/l "WIDTH" 0 11 2, +C4<00000000000000000000000000000001>;
v0x55858709e140_0 .net "flag", 0 0, v0x5585870756c0_0;  alias, 1 drivers
v0x55858709e200_0 .net "in1", 0 0, v0x5585870999b0_0;  alias, 1 drivers
L_0x7f9621e292e8 .functor BUFT 1, C4<0>, C4<0>, C4<0>, C4<0>;
v0x55858709e2f0_0 .net "in2", 0 0, L_0x7f9621e292e8;  1 drivers
v0x55858709e3c0_0 .net "out", 0 0, L_0x5585870c9b00;  alias, 1 drivers
L_0x5585870c9b00 .functor MUXZ 1, v0x5585870999b0_0, L_0x7f9621e292e8, v0x5585870756c0_0, C4<>;
S_0x55858709e550 .scope module, "imem" "Imem" 3 97, 12 1 0, S_0x558587055710;
 .timescale 0 0;
    .port_info 0 /INPUT 32 "address";
    .port_info 1 /OUTPUT 32 "read_data";
L_0x5585870b8850 .functor BUFZ 32, L_0x5585870c8960, C4<00000000000000000000000000000000>, C4<00000000000000000000000000000000>, C4<00000000000000000000000000000000>;
v0x55858709e750_0 .net *"_ivl_0", 31 0, L_0x5585870c8960;  1 drivers
v0x55858709e850_0 .net *"_ivl_3", 29 0, L_0x5585870c8a00;  1 drivers
v0x55858709e930_0 .net "address", 31 0, v0x5585870a1760_0;  alias, 1 drivers
v0x55858709e9f0_0 .var/i "i", 31 0;
v0x55858709ead0 .array "mem", 255 0, 31 0;
v0x55858709ebe0_0 .net "read_data", 31 0, L_0x5585870b8850;  alias, 1 drivers
L_0x5585870c8960 .array/port v0x55858709ead0, L_0x5585870c8a00;
L_0x5585870c8a00 .part v0x5585870a1760_0, 2, 30;
S_0x55858709ed20 .scope module, "mux_alu" "Mux" 3 160, 11 1 0, S_0x558587055710;
 .timescale 0 0;
    .port_info 0 /INPUT 1 "flag";
    .port_info 1 /INPUT 32 "in1";
    .port_info 2 /INPUT 32 "in2";
    .port_info 3 /OUTPUT 32 "out";
P_0x55858709ef00 .param/l "WIDTH" 0 11 2, +C4<00000000000000000000000000100000>;
v0x55858709f040_0 .net "flag", 0 0, v0x5585870a38d0_0;  alias, 1 drivers
v0x55858709f100_0 .net "in1", 31 0, v0x5585870a8240_0;  alias, 1 drivers
v0x55858709f1e0_0 .net "in2", 31 0, v0x5585870a46b0_0;  alias, 1 drivers
v0x55858709f2d0_0 .net "out", 31 0, L_0x5585870cb200;  alias, 1 drivers
L_0x5585870cb200 .functor MUXZ 32, v0x5585870a8240_0, v0x5585870a46b0_0, v0x5585870a38d0_0, C4<>;
S_0x55858709f450 .scope module, "mux_branch" "Mux" 3 178, 11 1 0, S_0x558587055710;
 .timescale 0 0;
    .port_info 0 /INPUT 1 "flag";
    .port_info 1 /INPUT 32 "in1";
    .port_info 2 /INPUT 32 "in2";
    .port_info 3 /OUTPUT 32 "out";
P_0x55858709f630 .param/l "WIDTH" 0 11 2, +C4<00000000000000000000000000100000>;
v0x55858709f770_0 .net "flag", 0 0, v0x558587098840_0;  alias, 1 drivers
v0x55858709f860_0 .net "in1", 31 0, L_0x5585870b87b0;  alias, 1 drivers
v0x55858709f920_0 .net "in2", 31 0, v0x5585870ad900_0;  alias, 1 drivers
v0x55858709fa10_0 .net "out", 31 0, L_0x5585870cb6a0;  alias, 1 drivers
L_0x5585870cb6a0 .functor MUXZ 32, L_0x5585870b87b0, v0x5585870ad900_0, v0x558587098840_0, C4<>;
S_0x55858709fba0 .scope module, "mux_jump" "Mux" 3 179, 11 1 0, S_0x558587055710;
 .timescale 0 0;
    .port_info 0 /INPUT 1 "flag";
    .port_info 1 /INPUT 32 "in1";
    .port_info 2 /INPUT 32 "in2";
    .port_info 3 /OUTPUT 32 "out";
P_0x55858709fd80 .param/l "WIDTH" 0 11 2, +C4<00000000000000000000000000100000>;
v0x55858709fec0_0 .net "flag", 0 0, v0x5585870ae000_0;  alias, 1 drivers
v0x55858709ffa0_0 .net "in1", 31 0, L_0x5585870cb6a0;  alias, 1 drivers
v0x5585870a0090_0 .net "in2", 31 0, L_0x5585870c9210;  alias, 1 drivers
v0x5585870a0160_0 .net "out", 31 0, L_0x5585870cb740;  alias, 1 drivers
L_0x5585870cb740 .functor MUXZ 32, L_0x5585870cb6a0, L_0x5585870c9210, v0x5585870ae000_0, C4<>;
S_0x5585870a02f0 .scope module, "mux_mem" "Mux" 3 190, 11 1 0, S_0x558587055710;
 .timescale 0 0;
    .port_info 0 /INPUT 1 "flag";
    .port_info 1 /INPUT 32 "in1";
    .port_info 2 /INPUT 32 "in2";
    .port_info 3 /OUTPUT 32 "out";
P_0x5585870a04d0 .param/l "WIDTH" 0 11 2, +C4<00000000000000000000000000100000>;
v0x5585870a0610_0 .net "flag", 0 0, v0x5585870aaeb0_0;  alias, 1 drivers
v0x5585870a06f0_0 .net "in1", 31 0, v0x5585870aa7e0_0;  alias, 1 drivers
v0x5585870a07d0_0 .net "in2", 31 0, v0x5585870ab5f0_0;  alias, 1 drivers
v0x5585870a08c0_0 .net "out", 31 0, L_0x5585870cbbc0;  alias, 1 drivers
L_0x5585870cbbc0 .functor MUXZ 32, v0x5585870aa7e0_0, v0x5585870ab5f0_0, v0x5585870aaeb0_0, C4<>;
S_0x5585870a0a50 .scope module, "mux_reg" "Mux" 3 155, 11 1 0, S_0x558587055710;
 .timescale 0 0;
    .port_info 0 /INPUT 1 "flag";
    .port_info 1 /INPUT 5 "in1";
    .port_info 2 /INPUT 5 "in2";
    .port_info 3 /OUTPUT 5 "out";
P_0x5585870a0c30 .param/l "WIDTH" 0 11 2, +C4<00000000000000000000000000000101>;
v0x5585870a0d70_0 .net "flag", 0 0, v0x5585870a8b90_0;  alias, 1 drivers
v0x5585870a0e60_0 .net "in1", 4 0, v0x5585870aa090_0;  alias, 1 drivers
v0x5585870a0f30_0 .net "in2", 4 0, v0x5585870a7410_0;  alias, 1 drivers
v0x5585870a1030_0 .net "out", 4 0, L_0x5585870cad50;  alias, 1 drivers
L_0x5585870cad50 .functor MUXZ 5, v0x5585870aa090_0, v0x5585870a7410_0, v0x5585870a8b90_0, C4<>;
S_0x5585870a1180 .scope module, "pc" "PC" 3 95, 13 1 0, S_0x558587055710;
 .timescale 0 0;
    .port_info 0 /INPUT 1 "PCWrite";
    .port_info 1 /INPUT 1 "clk";
    .port_info 2 /INPUT 32 "in";
    .port_info 3 /OUTPUT 32 "out";
v0x5585870a13d0_0 .net "PCWrite", 0 0, v0x558587097570_0;  alias, 1 drivers
v0x5585870a14c0_0 .net "clk", 0 0, v0x5585870b86a0_0;  alias, 1 drivers
v0x5585870a1590_0 .net "in", 31 0, L_0x5585870cb740;  alias, 1 drivers
v0x5585870a1690_0 .net "out", 31 0, v0x5585870a1760_0;  alias, 1 drivers
v0x5585870a1760_0 .var "pc", 31 0;
S_0x5585870a18b0 .scope module, "pc_adder" "Adder" 3 96, 8 1 0, S_0x558587055710;
 .timescale 0 0;
    .port_info 0 /INPUT 32 "in1";
    .port_info 1 /INPUT 32 "in2";
    .port_info 2 /OUTPUT 32 "out";
v0x5585870a1b00_0 .net "in1", 31 0, v0x5585870a1760_0;  alias, 1 drivers
L_0x7f9621e29018 .functor BUFT 1, C4<00000000000000000000000000000100>, C4<0>, C4<0>, C4<0>;
v0x5585870a1c30_0 .net "in2", 31 0, L_0x7f9621e29018;  1 drivers
v0x5585870a1d10_0 .net "out", 31 0, L_0x5585870b87b0;  alias, 1 drivers
L_0x5585870b87b0 .arith/sum 32, v0x5585870a1760_0, L_0x7f9621e29018;
S_0x5585870a1e10 .scope module, "reg_fd_1" "Register" 3 100, 14 1 0, S_0x558587055710;
 .timescale 0 0;
    .port_info 0 /INPUT 1 "IF_ID_write";
    .port_info 1 /INPUT 1 "clk";
    .port_info 2 /INPUT 32 "in";
    .port_info 3 /OUTPUT 32 "out";
P_0x5585870a1ff0 .param/l "WIDTH" 0 14 1, +C4<00000000000000000000000000100000>;
v0x5585870a2160_0 .net "IF_ID_write", 0 0, v0x558587097310_0;  alias, 1 drivers
v0x5585870a2230_0 .net "clk", 0 0, v0x5585870b86a0_0;  alias, 1 drivers
v0x5585870a2320_0 .net "in", 31 0, L_0x5585870b87b0;  alias, 1 drivers
v0x5585870a2410_0 .var "out", 31 0;
S_0x5585870a2550 .scope module, "reg_fd_2" "Register" 3 101, 14 1 0, S_0x558587055710;
 .timescale 0 0;
    .port_info 0 /INPUT 1 "IF_ID_write";
    .port_info 1 /INPUT 1 "clk";
    .port_info 2 /INPUT 32 "in";
    .port_info 3 /OUTPUT 32 "out";
P_0x5585870a2730 .param/l "WIDTH" 0 14 1, +C4<00000000000000000000000000100000>;
v0x5585870a2870_0 .net "IF_ID_write", 0 0, v0x558587097310_0;  alias, 1 drivers
v0x5585870a2980_0 .net "clk", 0 0, v0x5585870b86a0_0;  alias, 1 drivers
v0x5585870a2a40_0 .net "in", 31 0, L_0x5585870b8850;  alias, 1 drivers
v0x5585870a2b10_0 .var "out", 31 0;
S_0x5585870a2c60 .scope module, "reg_ix_aluOp" "Register" 3 138, 14 1 0, S_0x558587055710;
 .timescale 0 0;
    .port_info 0 /INPUT 1 "IF_ID_write";
    .port_info 1 /INPUT 1 "clk";
    .port_info 2 /INPUT 2 "in";
    .port_info 3 /OUTPUT 2 "out";
P_0x5585870a2e40 .param/l "WIDTH" 0 14 1, +C4<00000000000000000000000000000010>;
L_0x7f9621e29570 .functor BUFT 1, C4<1>, C4<0>, C4<0>, C4<0>;
v0x5585870a2f80_0 .net "IF_ID_write", 0 0, L_0x7f9621e29570;  1 drivers
v0x5585870a3060_0 .net "clk", 0 0, v0x5585870b86a0_0;  alias, 1 drivers
v0x5585870a3120_0 .net "in", 1 0, L_0x5585870c9bf0;  alias, 1 drivers
v0x5585870a3220_0 .var "out", 1 0;
S_0x5585870a3360 .scope module, "reg_ix_aluSrc" "Register" 3 140, 14 1 0, S_0x558587055710;
 .timescale 0 0;
    .port_info 0 /INPUT 1 "IF_ID_write";
    .port_info 1 /INPUT 1 "clk";
    .port_info 2 /INPUT 1 "in";
    .port_info 3 /OUTPUT 1 "out";
P_0x5585870a34f0 .param/l "WIDTH" 0 14 1, +C4<00000000000000000000000000000001>;
L_0x7f9621e29600 .functor BUFT 1, C4<1>, C4<0>, C4<0>, C4<0>;
v0x5585870a3630_0 .net "IF_ID_write", 0 0, L_0x7f9621e29600;  1 drivers
v0x5585870a3710_0 .net "clk", 0 0, v0x5585870b86a0_0;  alias, 1 drivers
v0x5585870a37d0_0 .net "in", 0 0, L_0x5585870c9a60;  alias, 1 drivers
v0x5585870a38d0_0 .var "out", 0 0;
S_0x5585870a3a10 .scope module, "reg_ix_branch" "Register" 3 135, 14 1 0, S_0x558587055710;
 .timescale 0 0;
    .port_info 0 /INPUT 1 "IF_ID_write";
    .port_info 1 /INPUT 1 "clk";
    .port_info 2 /INPUT 1 "in";
    .port_info 3 /OUTPUT 1 "out";
P_0x5585870a3bf0 .param/l "WIDTH" 0 14 1, +C4<00000000000000000000000000000001>;
L_0x7f9621e29498 .functor BUFT 1, C4<1>, C4<0>, C4<0>, C4<0>;
v0x5585870a3d30_0 .net "IF_ID_write", 0 0, L_0x7f9621e29498;  1 drivers
v0x5585870a3e10_0 .net "clk", 0 0, v0x5585870b86a0_0;  alias, 1 drivers
v0x5585870a3ed0_0 .net "in", 0 0, L_0x5585870c9610;  alias, 1 drivers
v0x5585870a3fd0_0 .var "out", 0 0;
S_0x5585870a4120 .scope module, "reg_ix_imm" "Register" 3 149, 14 1 0, S_0x558587055710;
 .timescale 0 0;
    .port_info 0 /INPUT 1 "IF_ID_write";
    .port_info 1 /INPUT 1 "clk";
    .port_info 2 /INPUT 32 "in";
    .port_info 3 /OUTPUT 32 "out";
P_0x5585870a4300 .param/l "WIDTH" 0 14 1, +C4<00000000000000000000000000100000>;
L_0x7f9621e29768 .functor BUFT 1, C4<1>, C4<0>, C4<0>, C4<0>;
v0x5585870a4440_0 .net "IF_ID_write", 0 0, L_0x7f9621e29768;  1 drivers
v0x5585870a4520_0 .net "clk", 0 0, v0x5585870b86a0_0;  alias, 1 drivers
v0x5585870a45e0_0 .net "in", 31 0, L_0x5585870ca910;  alias, 1 drivers
v0x5585870a46b0_0 .var "out", 31 0;
S_0x5585870a4830 .scope module, "reg_ix_jump" "Register" 3 134, 14 1 0, S_0x558587055710;
 .timescale 0 0;
    .port_info 0 /INPUT 1 "IF_ID_write";
    .port_info 1 /INPUT 1 "clk";
    .port_info 2 /INPUT 1 "in";
    .port_info 3 /OUTPUT 1 "out";
P_0x5585870a4a10 .param/l "WIDTH" 0 14 1, +C4<00000000000000000000000000000001>;
L_0x7f9621e29450 .functor BUFT 1, C4<1>, C4<0>, C4<0>, C4<0>;
v0x5585870a4b50_0 .net "IF_ID_write", 0 0, L_0x7f9621e29450;  1 drivers
v0x5585870a4c30_0 .net "clk", 0 0, v0x5585870b86a0_0;  alias, 1 drivers
v0x5585870a4e00_0 .net "in", 0 0, L_0x5585870c94d0;  alias, 1 drivers
v0x5585870a4f00_0 .var "out", 0 0;
S_0x5585870a5050 .scope module, "reg_ix_memRead" "Register" 3 136, 14 1 0, S_0x558587055710;
 .timescale 0 0;
    .port_info 0 /INPUT 1 "IF_ID_write";
    .port_info 1 /INPUT 1 "clk";
    .port_info 2 /INPUT 1 "in";
    .port_info 3 /OUTPUT 1 "out";
P_0x5585870a5230 .param/l "WIDTH" 0 14 1, +C4<00000000000000000000000000000001>;
L_0x7f9621e294e0 .functor BUFT 1, C4<1>, C4<0>, C4<0>, C4<0>;
v0x5585870a5370_0 .net "IF_ID_write", 0 0, L_0x7f9621e294e0;  1 drivers
v0x5585870a5450_0 .net "clk", 0 0, v0x5585870b86a0_0;  alias, 1 drivers
v0x5585870a5510_0 .net "in", 0 0, L_0x5585870c9700;  alias, 1 drivers
v0x5585870a5610_0 .var "out", 0 0;
S_0x5585870a5750 .scope module, "reg_ix_memToReg" "Register" 3 137, 14 1 0, S_0x558587055710;
 .timescale 0 0;
    .port_info 0 /INPUT 1 "IF_ID_write";
    .port_info 1 /INPUT 1 "clk";
    .port_info 2 /INPUT 1 "in";
    .port_info 3 /OUTPUT 1 "out";
P_0x5585870a5b40 .param/l "WIDTH" 0 14 1, +C4<00000000000000000000000000000001>;
L_0x7f9621e29528 .functor BUFT 1, C4<1>, C4<0>, C4<0>, C4<0>;
v0x5585870a5c80_0 .net "IF_ID_write", 0 0, L_0x7f9621e29528;  1 drivers
v0x5585870a5d60_0 .net "clk", 0 0, v0x5585870b86a0_0;  alias, 1 drivers
v0x5585870a5e20_0 .net "in", 0 0, L_0x5585870c97f0;  alias, 1 drivers
v0x5585870a5f20_0 .var "out", 0 0;
S_0x5585870a6070 .scope module, "reg_ix_memWrite" "Register" 3 139, 14 1 0, S_0x558587055710;
 .timescale 0 0;
    .port_info 0 /INPUT 1 "IF_ID_write";
    .port_info 1 /INPUT 1 "clk";
    .port_info 2 /INPUT 1 "in";
    .port_info 3 /OUTPUT 1 "out";
P_0x5585870a6250 .param/l "WIDTH" 0 14 1, +C4<00000000000000000000000000000001>;
L_0x7f9621e295b8 .functor BUFT 1, C4<1>, C4<0>, C4<0>, C4<0>;
v0x5585870a6390_0 .net "IF_ID_write", 0 0, L_0x7f9621e295b8;  1 drivers
v0x5585870a6470_0 .net "clk", 0 0, v0x5585870b86a0_0;  alias, 1 drivers
v0x5585870a6530_0 .net "in", 0 0, L_0x5585870c98e0;  alias, 1 drivers
v0x5585870a6630_0 .var "out", 0 0;
S_0x5585870a6780 .scope module, "reg_ix_pc" "Register" 3 143, 14 1 0, S_0x558587055710;
 .timescale 0 0;
    .port_info 0 /INPUT 1 "IF_ID_write";
    .port_info 1 /INPUT 1 "clk";
    .port_info 2 /INPUT 32 "in";
    .port_info 3 /OUTPUT 32 "out";
P_0x5585870a6960 .param/l "WIDTH" 0 14 1, +C4<00000000000000000000000000100000>;
L_0x7f9621e29690 .functor BUFT 1, C4<1>, C4<0>, C4<0>, C4<0>;
v0x5585870a6aa0_0 .net "IF_ID_write", 0 0, L_0x7f9621e29690;  1 drivers
v0x5585870a6b80_0 .net "clk", 0 0, v0x5585870b86a0_0;  alias, 1 drivers
v0x5585870a6c40_0 .net "in", 31 0, v0x5585870a2410_0;  alias, 1 drivers
v0x5585870a6d40_0 .var "out", 31 0;
S_0x5585870a6e80 .scope module, "reg_ix_rd" "Register" 3 152, 14 1 0, S_0x558587055710;
 .timescale 0 0;
    .port_info 0 /INPUT 1 "IF_ID_write";
    .port_info 1 /INPUT 1 "clk";
    .port_info 2 /INPUT 5 "in";
    .port_info 3 /OUTPUT 5 "out";
P_0x5585870a7060 .param/l "WIDTH" 0 14 1, +C4<00000000000000000000000000000101>;
L_0x7f9621e29840 .functor BUFT 1, C4<1>, C4<0>, C4<0>, C4<0>;
v0x5585870a71a0_0 .net "IF_ID_write", 0 0, L_0x7f9621e29840;  1 drivers
v0x5585870a7280_0 .net "clk", 0 0, v0x5585870b86a0_0;  alias, 1 drivers
v0x5585870a7340_0 .net "in", 4 0, L_0x5585870cac40;  1 drivers
v0x5585870a7410_0 .var "out", 4 0;
S_0x5585870a75a0 .scope module, "reg_ix_readData1" "Register" 3 145, 14 1 0, S_0x558587055710;
 .timescale 0 0;
    .port_info 0 /INPUT 1 "IF_ID_write";
    .port_info 1 /INPUT 1 "clk";
    .port_info 2 /INPUT 32 "in";
    .port_info 3 /OUTPUT 32 "out";
P_0x5585870a7780 .param/l "WIDTH" 0 14 1, +C4<00000000000000000000000000100000>;
L_0x7f9621e296d8 .functor BUFT 1, C4<1>, C4<0>, C4<0>, C4<0>;
v0x5585870a78c0_0 .net "IF_ID_write", 0 0, L_0x7f9621e296d8;  1 drivers
v0x5585870a79a0_0 .net "clk", 0 0, v0x5585870b86a0_0;  alias, 1 drivers
v0x5585870a7a60_0 .net "in", 31 0, L_0x5585870c9ec0;  alias, 1 drivers
v0x5585870a7b30_0 .var "out", 31 0;
S_0x5585870a7cb0 .scope module, "reg_ix_readData2" "Register" 3 146, 14 1 0, S_0x558587055710;
 .timescale 0 0;
    .port_info 0 /INPUT 1 "IF_ID_write";
    .port_info 1 /INPUT 1 "clk";
    .port_info 2 /INPUT 32 "in";
    .port_info 3 /OUTPUT 32 "out";
P_0x5585870a7e90 .param/l "WIDTH" 0 14 1, +C4<00000000000000000000000000100000>;
L_0x7f9621e29720 .functor BUFT 1, C4<1>, C4<0>, C4<0>, C4<0>;
v0x5585870a7fd0_0 .net "IF_ID_write", 0 0, L_0x7f9621e29720;  1 drivers
v0x5585870a80b0_0 .net "clk", 0 0, v0x5585870b86a0_0;  alias, 1 drivers
v0x5585870a8170_0 .net "in", 31 0, L_0x5585870ca160;  alias, 1 drivers
v0x5585870a8240_0 .var "out", 31 0;
S_0x5585870a83c0 .scope module, "reg_ix_regDst" "Register" 3 133, 14 1 0, S_0x558587055710;
 .timescale 0 0;
    .port_info 0 /INPUT 1 "IF_ID_write";
    .port_info 1 /INPUT 1 "clk";
    .port_info 2 /INPUT 1 "in";
    .port_info 3 /OUTPUT 1 "out";
P_0x5585870a85a0 .param/l "WIDTH" 0 14 1, +C4<00000000000000000000000000000001>;
L_0x7f9621e29408 .functor BUFT 1, C4<1>, C4<0>, C4<0>, C4<0>;
v0x5585870a86e0_0 .net "IF_ID_write", 0 0, L_0x7f9621e29408;  1 drivers
v0x5585870a87c0_0 .net "clk", 0 0, v0x5585870b86a0_0;  alias, 1 drivers
v0x5585870a8a90_0 .net "in", 0 0, L_0x5585870c93e0;  alias, 1 drivers
v0x5585870a8b90_0 .var "out", 0 0;
S_0x5585870a8ce0 .scope module, "reg_ix_regWrite" "Register" 3 141, 14 1 0, S_0x558587055710;
 .timescale 0 0;
    .port_info 0 /INPUT 1 "IF_ID_write";
    .port_info 1 /INPUT 1 "clk";
    .port_info 2 /INPUT 1 "in";
    .port_info 3 /OUTPUT 1 "out";
P_0x5585870a8ec0 .param/l "WIDTH" 0 14 1, +C4<00000000000000000000000000000001>;
L_0x7f9621e29648 .functor BUFT 1, C4<1>, C4<0>, C4<0>, C4<0>;
v0x5585870a9000_0 .net "IF_ID_write", 0 0, L_0x7f9621e29648;  1 drivers
v0x5585870a90e0_0 .net "clk", 0 0, v0x5585870b86a0_0;  alias, 1 drivers
v0x5585870a91a0_0 .net "in", 0 0, L_0x5585870c9b00;  alias, 1 drivers
v0x5585870a92a0_0 .var "out", 0 0;
S_0x5585870a93e0 .scope module, "reg_ix_rs" "Register" 3 150, 14 1 0, S_0x558587055710;
 .timescale 0 0;
    .port_info 0 /INPUT 1 "IF_ID_write";
    .port_info 1 /INPUT 1 "clk";
    .port_info 2 /INPUT 5 "in";
    .port_info 3 /OUTPUT 5 "out";
P_0x5585870a95c0 .param/l "WIDTH" 0 14 1, +C4<00000000000000000000000000000101>;
L_0x7f9621e297b0 .functor BUFT 1, C4<1>, C4<0>, C4<0>, C4<0>;
v0x5585870a9700_0 .net "IF_ID_write", 0 0, L_0x7f9621e297b0;  1 drivers
v0x5585870a97e0_0 .net "clk", 0 0, v0x5585870b86a0_0;  alias, 1 drivers
v0x5585870a98a0_0 .net "in", 4 0, L_0x5585870caaa0;  1 drivers
v0x5585870a9970_0 .var "out", 4 0;
S_0x5585870a9b00 .scope module, "reg_ix_rt" "Register" 3 151, 14 1 0, S_0x558587055710;
 .timescale 0 0;
    .port_info 0 /INPUT 1 "IF_ID_write";
    .port_info 1 /INPUT 1 "clk";
    .port_info 2 /INPUT 5 "in";
    .port_info 3 /OUTPUT 5 "out";
P_0x5585870a9ce0 .param/l "WIDTH" 0 14 1, +C4<00000000000000000000000000000101>;
L_0x7f9621e297f8 .functor BUFT 1, C4<1>, C4<0>, C4<0>, C4<0>;
v0x5585870a9e20_0 .net "IF_ID_write", 0 0, L_0x7f9621e297f8;  1 drivers
v0x5585870a9f00_0 .net "clk", 0 0, v0x5585870b86a0_0;  alias, 1 drivers
v0x5585870a9fc0_0 .net "in", 4 0, L_0x5585870caba0;  1 drivers
v0x5585870aa090_0 .var "out", 4 0;
S_0x5585870aa220 .scope module, "reg_mw_alu" "Register" 3 187, 14 1 0, S_0x558587055710;
 .timescale 0 0;
    .port_info 0 /INPUT 1 "IF_ID_write";
    .port_info 1 /INPUT 1 "clk";
    .port_info 2 /INPUT 32 "in";
    .port_info 3 /OUTPUT 32 "out";
P_0x5585870aa400 .param/l "WIDTH" 0 14 1, +C4<00000000000000000000000000100000>;
L_0x7f9621e29cc0 .functor BUFT 1, C4<1>, C4<0>, C4<0>, C4<0>;
v0x5585870aa540_0 .net "IF_ID_write", 0 0, L_0x7f9621e29cc0;  1 drivers
v0x5585870aa620_0 .net "clk", 0 0, v0x5585870b86a0_0;  alias, 1 drivers
v0x5585870aa6e0_0 .net "in", 31 0, v0x5585870acaf0_0;  alias, 1 drivers
v0x5585870aa7e0_0 .var "out", 31 0;
S_0x5585870aa920 .scope module, "reg_mw_memToReg" "Register" 3 184, 14 1 0, S_0x558587055710;
 .timescale 0 0;
    .port_info 0 /INPUT 1 "IF_ID_write";
    .port_info 1 /INPUT 1 "clk";
    .port_info 2 /INPUT 1 "in";
    .port_info 3 /OUTPUT 1 "out";
P_0x5585870aab00 .param/l "WIDTH" 0 14 1, +C4<00000000000000000000000000000001>;
L_0x7f9621e29be8 .functor BUFT 1, C4<1>, C4<0>, C4<0>, C4<0>;
v0x5585870aac40_0 .net "IF_ID_write", 0 0, L_0x7f9621e29be8;  1 drivers
v0x5585870aad20_0 .net "clk", 0 0, v0x5585870b86a0_0;  alias, 1 drivers
v0x5585870aade0_0 .net "in", 0 0, v0x5585870aee10_0;  alias, 1 drivers
v0x5585870aaeb0_0 .var "out", 0 0;
S_0x5585870ab030 .scope module, "reg_mw_readData" "Register" 3 186, 14 1 0, S_0x558587055710;
 .timescale 0 0;
    .port_info 0 /INPUT 1 "IF_ID_write";
    .port_info 1 /INPUT 1 "clk";
    .port_info 2 /INPUT 32 "in";
    .port_info 3 /OUTPUT 32 "out";
P_0x5585870ab210 .param/l "WIDTH" 0 14 1, +C4<00000000000000000000000000100000>;
L_0x7f9621e29c78 .functor BUFT 1, C4<1>, C4<0>, C4<0>, C4<0>;
v0x5585870ab350_0 .net "IF_ID_write", 0 0, L_0x7f9621e29c78;  1 drivers
v0x5585870ab430_0 .net "clk", 0 0, v0x5585870b86a0_0;  alias, 1 drivers
v0x5585870ab4f0_0 .net "in", 31 0, L_0x5585870cb9d0;  alias, 1 drivers
v0x5585870ab5f0_0 .var "out", 31 0;
S_0x5585870ab730 .scope module, "reg_mw_regWrite" "Register" 3 185, 14 1 0, S_0x558587055710;
 .timescale 0 0;
    .port_info 0 /INPUT 1 "IF_ID_write";
    .port_info 1 /INPUT 1 "clk";
    .port_info 2 /INPUT 1 "in";
    .port_info 3 /OUTPUT 1 "out";
P_0x5585870ab910 .param/l "WIDTH" 0 14 1, +C4<00000000000000000000000000000001>;
L_0x7f9621e29c30 .functor BUFT 1, C4<1>, C4<0>, C4<0>, C4<0>;
v0x5585870aba50_0 .net "IF_ID_write", 0 0, L_0x7f9621e29c30;  1 drivers
v0x5585870abb30_0 .net "clk", 0 0, v0x5585870b86a0_0;  alias, 1 drivers
v0x5585870abbf0_0 .net "in", 0 0, v0x5585870b0750_0;  alias, 1 drivers
v0x5585870abcf0_0 .var "out", 0 0;
S_0x5585870abe30 .scope module, "reg_mw_writeReg" "Register" 3 188, 14 1 0, S_0x558587055710;
 .timescale 0 0;
    .port_info 0 /INPUT 1 "IF_ID_write";
    .port_info 1 /INPUT 1 "clk";
    .port_info 2 /INPUT 5 "in";
    .port_info 3 /OUTPUT 5 "out";
P_0x5585870ac010 .param/l "WIDTH" 0 14 1, +C4<00000000000000000000000000000101>;
L_0x7f9621e29d08 .functor BUFT 1, C4<1>, C4<0>, C4<0>, C4<0>;
v0x5585870ac150_0 .net "IF_ID_write", 0 0, L_0x7f9621e29d08;  1 drivers
v0x5585870ac230_0 .net "clk", 0 0, v0x5585870b86a0_0;  alias, 1 drivers
v0x5585870ac2f0_0 .net "in", 4 0, v0x5585870b0e50_0;  alias, 1 drivers
v0x5585870ac3f0_0 .var "out", 4 0;
S_0x5585870ac530 .scope module, "reg_xm_alu" "Register" 3 173, 14 1 0, S_0x558587055710;
 .timescale 0 0;
    .port_info 0 /INPUT 1 "IF_ID_write";
    .port_info 1 /INPUT 1 "clk";
    .port_info 2 /INPUT 32 "in";
    .port_info 3 /OUTPUT 32 "out";
P_0x5585870ac710 .param/l "WIDTH" 0 14 1, +C4<00000000000000000000000000100000>;
L_0x7f9621e29b10 .functor BUFT 1, C4<1>, C4<0>, C4<0>, C4<0>;
v0x5585870ac850_0 .net "IF_ID_write", 0 0, L_0x7f9621e29b10;  1 drivers
v0x5585870ac930_0 .net "clk", 0 0, v0x5585870b86a0_0;  alias, 1 drivers
v0x5585870ac9f0_0 .net "in", 31 0, v0x558587097b90_0;  alias, 1 drivers
v0x5585870acaf0_0 .var "out", 31 0;
S_0x5585870acc40 .scope module, "reg_xm_branch" "Register" 3 165, 14 1 0, S_0x558587055710;
 .timescale 0 0;
    .port_info 0 /INPUT 1 "IF_ID_write";
    .port_info 1 /INPUT 1 "clk";
    .port_info 2 /INPUT 1 "in";
    .port_info 3 /OUTPUT 1 "out";
P_0x5585870ace20 .param/l "WIDTH" 0 14 1, +C4<00000000000000000000000000000001>;
L_0x7f9621e29918 .functor BUFT 1, C4<1>, C4<0>, C4<0>, C4<0>;
v0x5585870acf60_0 .net "IF_ID_write", 0 0, L_0x7f9621e29918;  1 drivers
v0x5585870ad040_0 .net "clk", 0 0, v0x5585870b86a0_0;  alias, 1 drivers
v0x5585870ad100_0 .net "in", 0 0, v0x5585870a3fd0_0;  alias, 1 drivers
v0x5585870ad200_0 .var "out", 0 0;
S_0x5585870ad340 .scope module, "reg_xm_branchAddr" "Register" 3 171, 14 1 0, S_0x558587055710;
 .timescale 0 0;
    .port_info 0 /INPUT 1 "IF_ID_write";
    .port_info 1 /INPUT 1 "clk";
    .port_info 2 /INPUT 32 "in";
    .port_info 3 /OUTPUT 32 "out";
P_0x5585870ad520 .param/l "WIDTH" 0 14 1, +C4<00000000000000000000000000100000>;
L_0x7f9621e29a80 .functor BUFT 1, C4<1>, C4<0>, C4<0>, C4<0>;
v0x5585870ad660_0 .net "IF_ID_write", 0 0, L_0x7f9621e29a80;  1 drivers
v0x5585870ad740_0 .net "clk", 0 0, v0x5585870b86a0_0;  alias, 1 drivers
v0x5585870ad800_0 .net "in", 31 0, L_0x5585870cadf0;  alias, 1 drivers
v0x5585870ad900_0 .var "out", 31 0;
S_0x5585870ada40 .scope module, "reg_xm_jump" "Register" 3 164, 14 1 0, S_0x558587055710;
 .timescale 0 0;
    .port_info 0 /INPUT 1 "IF_ID_write";
    .port_info 1 /INPUT 1 "clk";
    .port_info 2 /INPUT 1 "in";
    .port_info 3 /OUTPUT 1 "out";
P_0x5585870adc20 .param/l "WIDTH" 0 14 1, +C4<00000000000000000000000000000001>;
L_0x7f9621e298d0 .functor BUFT 1, C4<1>, C4<0>, C4<0>, C4<0>;
v0x5585870add60_0 .net "IF_ID_write", 0 0, L_0x7f9621e298d0;  1 drivers
v0x5585870ade40_0 .net "clk", 0 0, v0x5585870b86a0_0;  alias, 1 drivers
v0x5585870adf00_0 .net "in", 0 0, v0x5585870a4f00_0;  alias, 1 drivers
v0x5585870ae000_0 .var "out", 0 0;
S_0x5585870ae140 .scope module, "reg_xm_memRead" "Register" 3 166, 14 1 0, S_0x558587055710;
 .timescale 0 0;
    .port_info 0 /INPUT 1 "IF_ID_write";
    .port_info 1 /INPUT 1 "clk";
    .port_info 2 /INPUT 1 "in";
    .port_info 3 /OUTPUT 1 "out";
P_0x5585870ae320 .param/l "WIDTH" 0 14 1, +C4<00000000000000000000000000000001>;
L_0x7f9621e29960 .functor BUFT 1, C4<1>, C4<0>, C4<0>, C4<0>;
v0x5585870ae460_0 .net "IF_ID_write", 0 0, L_0x7f9621e29960;  1 drivers
v0x5585870ae540_0 .net "clk", 0 0, v0x5585870b86a0_0;  alias, 1 drivers
v0x5585870ae600_0 .net "in", 0 0, v0x5585870a5610_0;  alias, 1 drivers
v0x5585870ae720_0 .var "out", 0 0;
S_0x5585870ae850 .scope module, "reg_xm_memToReg" "Register" 3 167, 14 1 0, S_0x558587055710;
 .timescale 0 0;
    .port_info 0 /INPUT 1 "IF_ID_write";
    .port_info 1 /INPUT 1 "clk";
    .port_info 2 /INPUT 1 "in";
    .port_info 3 /OUTPUT 1 "out";
P_0x5585870aea30 .param/l "WIDTH" 0 14 1, +C4<00000000000000000000000000000001>;
L_0x7f9621e299a8 .functor BUFT 1, C4<1>, C4<0>, C4<0>, C4<0>;
v0x5585870aeb70_0 .net "IF_ID_write", 0 0, L_0x7f9621e299a8;  1 drivers
v0x5585870aec50_0 .net "clk", 0 0, v0x5585870b86a0_0;  alias, 1 drivers
v0x5585870aed10_0 .net "in", 0 0, v0x5585870a5f20_0;  alias, 1 drivers
v0x5585870aee10_0 .var "out", 0 0;
S_0x5585870aef50 .scope module, "reg_xm_memWrite" "Register" 3 168, 14 1 0, S_0x558587055710;
 .timescale 0 0;
    .port_info 0 /INPUT 1 "IF_ID_write";
    .port_info 1 /INPUT 1 "clk";
    .port_info 2 /INPUT 1 "in";
    .port_info 3 /OUTPUT 1 "out";
P_0x5585870af130 .param/l "WIDTH" 0 14 1, +C4<00000000000000000000000000000001>;
L_0x7f9621e299f0 .functor BUFT 1, C4<1>, C4<0>, C4<0>, C4<0>;
v0x5585870af270_0 .net "IF_ID_write", 0 0, L_0x7f9621e299f0;  1 drivers
v0x5585870af350_0 .net "clk", 0 0, v0x5585870b86a0_0;  alias, 1 drivers
v0x5585870af410_0 .net "in", 0 0, v0x5585870a6630_0;  alias, 1 drivers
v0x5585870af510_0 .var "out", 0 0;
S_0x5585870af650 .scope module, "reg_xm_readData2" "Register" 3 174, 14 1 0, S_0x558587055710;
 .timescale 0 0;
    .port_info 0 /INPUT 1 "IF_ID_write";
    .port_info 1 /INPUT 1 "clk";
    .port_info 2 /INPUT 32 "in";
    .port_info 3 /OUTPUT 32 "out";
P_0x5585870af830 .param/l "WIDTH" 0 14 1, +C4<00000000000000000000000000100000>;
L_0x7f9621e29b58 .functor BUFT 1, C4<1>, C4<0>, C4<0>, C4<0>;
v0x5585870af970_0 .net "IF_ID_write", 0 0, L_0x7f9621e29b58;  1 drivers
v0x5585870afa50_0 .net "clk", 0 0, v0x5585870b86a0_0;  alias, 1 drivers
v0x5585870aff20_0 .net "in", 31 0, v0x5585870a8240_0;  alias, 1 drivers
v0x5585870b0040_0 .var "out", 31 0;
S_0x5585870b0170 .scope module, "reg_xm_regWrite" "Register" 3 169, 14 1 0, S_0x558587055710;
 .timescale 0 0;
    .port_info 0 /INPUT 1 "IF_ID_write";
    .port_info 1 /INPUT 1 "clk";
    .port_info 2 /INPUT 1 "in";
    .port_info 3 /OUTPUT 1 "out";
P_0x5585870b0350 .param/l "WIDTH" 0 14 1, +C4<00000000000000000000000000000001>;
L_0x7f9621e29a38 .functor BUFT 1, C4<1>, C4<0>, C4<0>, C4<0>;
v0x5585870b0490_0 .net "IF_ID_write", 0 0, L_0x7f9621e29a38;  1 drivers
v0x5585870b0570_0 .net "clk", 0 0, v0x5585870b86a0_0;  alias, 1 drivers
v0x5585870b0630_0 .net "in", 0 0, v0x5585870a92a0_0;  alias, 1 drivers
v0x5585870b0750_0 .var "out", 0 0;
S_0x5585870b08c0 .scope module, "reg_xm_writeReg" "Register" 3 175, 14 1 0, S_0x558587055710;
 .timescale 0 0;
    .port_info 0 /INPUT 1 "IF_ID_write";
    .port_info 1 /INPUT 1 "clk";
    .port_info 2 /INPUT 5 "in";
    .port_info 3 /OUTPUT 5 "out";
P_0x5585870b0aa0 .param/l "WIDTH" 0 14 1, +C4<00000000000000000000000000000101>;
L_0x7f9621e29ba0 .functor BUFT 1, C4<1>, C4<0>, C4<0>, C4<0>;
v0x5585870b0bb0_0 .net "IF_ID_write", 0 0, L_0x7f9621e29ba0;  1 drivers
v0x5585870b0c90_0 .net "clk", 0 0, v0x5585870b86a0_0;  alias, 1 drivers
v0x5585870b0d50_0 .net "in", 4 0, L_0x5585870cad50;  alias, 1 drivers
v0x5585870b0e50_0 .var "out", 4 0;
S_0x5585870b0fa0 .scope module, "reg_xm_zero" "Register" 3 172, 14 1 0, S_0x558587055710;
 .timescale 0 0;
    .port_info 0 /INPUT 1 "IF_ID_write";
    .port_info 1 /INPUT 1 "clk";
    .port_info 2 /INPUT 1 "in";
    .port_info 3 /OUTPUT 1 "out";
P_0x5585870b1180 .param/l "WIDTH" 0 14 1, +C4<00000000000000000000000000000001>;
L_0x7f9621e29ac8 .functor BUFT 1, C4<1>, C4<0>, C4<0>, C4<0>;
v0x5585870b12c0_0 .net "IF_ID_write", 0 0, L_0x7f9621e29ac8;  1 drivers
v0x5585870b13a0_0 .net "clk", 0 0, v0x5585870b86a0_0;  alias, 1 drivers
v0x5585870b1460_0 .net "in", 0 0, L_0x5585870cb330;  alias, 1 drivers
v0x5585870b1560_0 .var "out", 0 0;
S_0x5585870b16a0 .scope module, "regfile" "RegisterFile" 3 129, 15 1 0, S_0x558587055710;
 .timescale 0 0;
    .port_info 0 /INPUT 1 "clk";
    .port_info 1 /INPUT 5 "rs_address";
    .port_info 2 /INPUT 5 "rt_address";
    .port_info 3 /INPUT 5 "rd_address";
    .port_info 4 /INPUT 32 "rd_value";
    .port_info 5 /INPUT 1 "reg_write";
    .port_info 6 /OUTPUT 32 "rs_value";
    .port_info 7 /OUTPUT 32 "rt_value";
L_0x5585870c9ec0 .functor BUFZ 32, L_0x5585870c9ce0, C4<00000000000000000000000000000000>, C4<00000000000000000000000000000000>, C4<00000000000000000000000000000000>;
L_0x5585870ca160 .functor BUFZ 32, L_0x5585870c9f80, C4<00000000000000000000000000000000>, C4<00000000000000000000000000000000>, C4<00000000000000000000000000000000>;
v0x5585870b19a0_0 .net *"_ivl_0", 31 0, L_0x5585870c9ce0;  1 drivers
v0x5585870b1aa0_0 .net *"_ivl_10", 6 0, L_0x5585870ca020;  1 drivers
L_0x7f9621e293c0 .functor BUFT 1, C4<00>, C4<0>, C4<0>, C4<0>;
v0x5585870b1b80_0 .net *"_ivl_13", 1 0, L_0x7f9621e293c0;  1 drivers
v0x5585870b1c40_0 .net *"_ivl_2", 6 0, L_0x5585870c9d80;  1 drivers
L_0x7f9621e29378 .functor BUFT 1, C4<00>, C4<0>, C4<0>, C4<0>;
v0x5585870b1d20_0 .net *"_ivl_5", 1 0, L_0x7f9621e29378;  1 drivers
v0x5585870b1e50_0 .net *"_ivl_8", 31 0, L_0x5585870c9f80;  1 drivers
v0x5585870b1f30_0 .net "clk", 0 0, v0x5585870b86a0_0;  alias, 1 drivers
v0x5585870b1fd0 .array "mem", 31 0, 31 0;
v0x5585870b2090_0 .net "rd_address", 4 0, v0x5585870ac3f0_0;  alias, 1 drivers
v0x5585870b2150_0 .net "rd_value", 31 0, L_0x5585870cbbc0;  alias, 1 drivers
v0x5585870b2210_0 .net "reg_write", 0 0, v0x5585870abcf0_0;  alias, 1 drivers
v0x5585870b2300_0 .net "rs_address", 4 0, L_0x5585870ca220;  1 drivers
v0x5585870b23c0_0 .net "rs_value", 31 0, L_0x5585870c9ec0;  alias, 1 drivers
v0x5585870b2480_0 .net "rt_address", 4 0, L_0x5585870ca310;  1 drivers
v0x5585870b2540_0 .net "rt_value", 31 0, L_0x5585870ca160;  alias, 1 drivers
L_0x5585870c9ce0 .array/port v0x5585870b1fd0, L_0x5585870c9d80;
L_0x5585870c9d80 .concat [ 5 2 0 0], L_0x5585870ca220, L_0x7f9621e29378;
L_0x5585870c9f80 .array/port v0x5585870b1fd0, L_0x5585870ca020;
L_0x5585870ca020 .concat [ 5 2 0 0], L_0x5585870ca310, L_0x7f9621e293c0;
S_0x5585870b2730 .scope module, "shift_branch" "Sll2" 3 157, 16 1 0, S_0x558587055710;
 .timescale 0 0;
    .port_info 0 /INPUT 32 "in";
    .port_info 1 /OUTPUT 32 "out";
P_0x55858709b000 .param/l "WIDTH_IN" 0 16 3, +C4<00000000000000000000000000100000>;
P_0x55858709b040 .param/l "WIDTH_OUT" 0 16 4, +C4<00000000000000000000000000100000>;
v0x5585870b2a20_0 .net *"_ivl_2", 29 0, L_0x5585870caf00;  1 drivers
L_0x7f9621e29888 .functor BUFT 1, C4<00>, C4<0>, C4<0>, C4<0>;
v0x5585870b2b20_0 .net *"_ivl_4", 1 0, L_0x7f9621e29888;  1 drivers
v0x5585870b2c00_0 .net "in", 31 0, v0x5585870a46b0_0;  alias, 1 drivers
v0x5585870b2d20_0 .net "out", 31 0, L_0x5585870cb030;  alias, 1 drivers
L_0x5585870caf00 .part v0x5585870a46b0_0, 0, 30;
L_0x5585870cb030 .concat [ 2 30 0 0], L_0x7f9621e29888, L_0x5585870caf00;
S_0x5585870b2e20 .scope module, "shift_jump" "Sll2" 3 105, 16 1 0, S_0x558587055710;
 .timescale 0 0;
    .port_info 0 /INPUT 26 "in";
    .port_info 1 /OUTPUT 28 "out";
P_0x55858709c4a0 .param/l "WIDTH_IN" 0 16 3, +C4<00000000000000000000000000011010>;
P_0x55858709c4e0 .param/l "WIDTH_OUT" 0 16 4, +C4<00000000000000000000000000011100>;
v0x5585870b31d0_0 .net *"_ivl_0", 27 0, L_0x5585870c8c80;  1 drivers
L_0x7f9621e29060 .functor BUFT 1, C4<00>, C4<0>, C4<0>, C4<0>;
v0x5585870b32d0_0 .net *"_ivl_3", 1 0, L_0x7f9621e29060;  1 drivers
v0x5585870b33b0_0 .net *"_ivl_6", 25 0, L_0x5585870c8d70;  1 drivers
L_0x7f9621e290a8 .functor BUFT 1, C4<00>, C4<0>, C4<0>, C4<0>;
v0x5585870b34a0_0 .net *"_ivl_8", 1 0, L_0x7f9621e290a8;  1 drivers
v0x5585870b3580_0 .net "in", 25 0, L_0x5585870c8ff0;  1 drivers
v0x5585870b36b0_0 .net "out", 27 0, L_0x5585870c8e60;  alias, 1 drivers
L_0x5585870c8c80 .concat [ 26 2 0 0], L_0x5585870c8ff0, L_0x7f9621e29060;
L_0x5585870c8d70 .part L_0x5585870c8c80, 0, 26;
L_0x5585870c8e60 .concat [ 2 26 0 0], L_0x7f9621e290a8, L_0x5585870c8d70;
S_0x5585870b37f0 .scope module, "signextend" "SignExtend" 3 130, 17 1 0, S_0x558587055710;
 .timescale 0 0;
    .port_info 0 /INPUT 16 "in";
    .port_info 1 /OUTPUT 32 "out";
v0x5585870b3a10_0 .net *"_ivl_1", 0 0, L_0x5585870ca450;  1 drivers
v0x5585870b3b10_0 .net *"_ivl_2", 15 0, L_0x5585870ca4f0;  1 drivers
v0x5585870b3bf0_0 .net "in", 15 0, L_0x5585870caa00;  1 drivers
v0x5585870b3cb0_0 .net "out", 31 0, L_0x5585870ca910;  alias, 1 drivers
L_0x5585870ca450 .part L_0x5585870caa00, 15, 1;
LS_0x5585870ca4f0_0_0 .concat [ 1 1 1 1], L_0x5585870ca450, L_0x5585870ca450, L_0x5585870ca450, L_0x5585870ca450;
LS_0x5585870ca4f0_0_4 .concat [ 1 1 1 1], L_0x5585870ca450, L_0x5585870ca450, L_0x5585870ca450, L_0x5585870ca450;
LS_0x5585870ca4f0_0_8 .concat [ 1 1 1 1], L_0x5585870ca450, L_0x5585870ca450, L_0x5585870ca450, L_0x5585870ca450;
LS_0x5585870ca4f0_0_12 .concat [ 1 1 1 1], L_0x5585870ca450, L_0x5585870ca450, L_0x5585870ca450, L_0x5585870ca450;
L_0x5585870ca4f0 .concat [ 4 4 4 4], LS_0x5585870ca4f0_0_0, LS_0x5585870ca4f0_0_4, LS_0x5585870ca4f0_0_8, LS_0x5585870ca4f0_0_12;
L_0x5585870ca910 .concat [ 16 16 0 0], L_0x5585870caa00, L_0x5585870ca4f0;
    .scope S_0x5585870a1180;
T_0 ;
    %pushi/vec4 0, 0, 32;
    %store/vec4 v0x5585870a1760_0, 0, 32;
    %end;
    .thread T_0;
    .scope S_0x5585870a1180;
T_1 ;
    %wait E_0x558587099e20;
    %load/vec4 v0x5585870a13d0_0;
    %cmpi/e 1, 0, 1;
    %jmp/0xz  T_1.0, 4;
    %load/vec4 v0x5585870a1590_0;
    %assign/vec4 v0x5585870a1760_0, 0;
T_1.0 ;
    %jmp T_1;
    .thread T_1;
    .scope S_0x55858709e550;
T_2 ;
    %pushi/vec4 537395210, 0, 32;
    %ix/load 3, 0, 0;
    %flag_set/imm 4, 0;
    %ix/load 4, 0, 0; Constant delay
    %assign/vec4/a/d v0x55858709ead0, 0, 4;
    %pushi/vec4 537460744, 0, 32;
    %ix/load 3, 1, 0;
    %flag_set/imm 4, 0;
    %ix/load 4, 0, 0; Constant delay
    %assign/vec4/a/d v0x55858709ead0, 0, 4;
    %pushi/vec4 17387557, 0, 32;
    %ix/load 3, 2, 0;
    %flag_set/imm 4, 0;
    %ix/load 4, 0, 0; Constant delay
    %assign/vec4/a/d v0x55858709ead0, 0, 4;
    %pushi/vec4 537460737, 0, 32;
    %ix/load 3, 3, 0;
    %flag_set/imm 4, 0;
    %ix/load 4, 0, 0; Constant delay
    %assign/vec4/a/d v0x55858709ead0, 0, 4;
    %pushi/vec4 17317920, 0, 32;
    %ix/load 3, 4, 0;
    %flag_set/imm 4, 0;
    %ix/load 4, 0, 0; Constant delay
    %assign/vec4/a/d v0x55858709ead0, 0, 4;
    %pushi/vec4 17455141, 0, 32;
    %ix/load 3, 5, 0;
    %flag_set/imm 4, 0;
    %ix/load 4, 0, 0; Constant delay
    %assign/vec4/a/d v0x55858709ead0, 0, 4;
    %pushi/vec4 6, 0, 32;
    %store/vec4 v0x55858709e9f0_0, 0, 32;
T_2.0 ;
    %load/vec4 v0x55858709e9f0_0;
    %cmpi/s 256, 0, 32;
    %jmp/0xz T_2.1, 5;
    %pushi/vec4 0, 0, 32;
    %ix/getv/s 4, v0x55858709e9f0_0;
    %store/vec4a v0x55858709ead0, 4, 0;
    ; show_stmt_assign_vector: Get l-value for compressed += operand
    %load/vec4 v0x55858709e9f0_0;
    %pushi/vec4 1, 0, 32;
    %add;
    %store/vec4 v0x55858709e9f0_0, 0, 32;
    %jmp T_2.0;
T_2.1 ;
    %end;
    .thread T_2;
    .scope S_0x5585870a1e10;
T_3 ;
    %wait E_0x558587099e20;
    %load/vec4 v0x5585870a2160_0;
    %cmpi/e 1, 0, 1;
    %jmp/0xz  T_3.0, 4;
    %load/vec4 v0x5585870a2320_0;
    %assign/vec4 v0x5585870a2410_0, 0;
T_3.0 ;
    %jmp T_3;
    .thread T_3;
    .scope S_0x5585870a1e10;
T_4 ;
    %pushi/vec4 0, 0, 32;
    %assign/vec4 v0x5585870a2410_0, 0;
    %end;
    .thread T_4;
    .scope S_0x5585870a2550;
T_5 ;
    %wait E_0x558587099e20;
    %load/vec4 v0x5585870a2870_0;
    %cmpi/e 1, 0, 1;
    %jmp/0xz  T_5.0, 4;
    %load/vec4 v0x5585870a2a40_0;
    %assign/vec4 v0x5585870a2b10_0, 0;
T_5.0 ;
    %jmp T_5;
    .thread T_5;
    .scope S_0x5585870a2550;
T_6 ;
    %pushi/vec4 0, 0, 32;
    %assign/vec4 v0x5585870a2b10_0, 0;
    %end;
    .thread T_6;
    .scope S_0x558587053d00;
T_7 ;
    %pushi/vec4 1, 0, 1;
    %store/vec4 v0x558587097570_0, 0, 1;
    %pushi/vec4 1, 0, 1;
    %store/vec4 v0x558587097310_0, 0, 1;
    %pushi/vec4 0, 0, 1;
    %store/vec4 v0x5585870708e0_0, 0, 1;
    %pushi/vec4 0, 0, 1;
    %store/vec4 v0x5585870756c0_0, 0, 1;
    %end;
    .thread T_7;
    .scope S_0x558587053d00;
T_8 ;
    %wait E_0x558586fd4b30;
    %load/vec4 v0x558587057dc0_0;
    %pad/u 32;
    %pushi/vec4 1, 0, 32;
    %cmp/e;
    %flag_get/vec4 4;
    %load/vec4 v0x558587097070_0;
    %load/vec4 v0x558587097150_0;
    %cmp/e;
    %flag_get/vec4 4;
    %load/vec4 v0x558587097070_0;
    %load/vec4 v0x558587097230_0;
    %cmp/e;
    %flag_get/vec4 4;
    %or;
    %and;
    %load/vec4 v0x558587097070_0;
    %pushi/vec4 0, 0, 5;
    %cmp/ne;
    %flag_get/vec4 4;
    %and;
    %flag_set/vec4 8;
    %jmp/0xz  T_8.0, 8;
    %pushi/vec4 0, 0, 1;
    %assign/vec4 v0x558587097570_0, 0;
    %pushi/vec4 0, 0, 1;
    %assign/vec4 v0x558587097310_0, 0;
    %pushi/vec4 1, 0, 1;
    %assign/vec4 v0x5585870708e0_0, 0;
    %pushi/vec4 1, 0, 1;
    %assign/vec4 v0x5585870756c0_0, 0;
    %jmp T_8.1;
T_8.0 ;
    %load/vec4 v0x558587054460_0;
    %pad/u 32;
    %pushi/vec4 0, 0, 32;
    %cmp/e;
    %flag_get/vec4 4;
    %load/vec4 v0x558587097070_0;
    %load/vec4 v0x558587097150_0;
    %cmp/e;
    %flag_get/vec4 4;
    %load/vec4 v0x558587097070_0;
    %load/vec4 v0x558587097230_0;
    %cmp/e;
    %flag_get/vec4 4;
    %or;
    %and;
    %load/vec4 v0x558587097070_0;
    %pushi/vec4 0, 0, 5;
    %cmp/ne;
    %flag_get/vec4 4;
    %and;
    %load/vec4 v0x558587096fb0_0;
    %pushi/vec4 1, 0, 1;
    %cmp/e;
    %flag_get/vec4 4;
    %and;
    %flag_set/vec4 8;
    %jmp/0xz  T_8.2, 8;
    %pushi/vec4 0, 0, 1;
    %assign/vec4 v0x558587097570_0, 0;
    %pushi/vec4 0, 0, 1;
    %assign/vec4 v0x558587097310_0, 0;
    %pushi/vec4 1, 0, 1;
    %assign/vec4 v0x5585870708e0_0, 0;
    %pushi/vec4 1, 0, 1;
    %assign/vec4 v0x5585870756c0_0, 0;
    %jmp T_8.3;
T_8.2 ;
    %load/vec4 v0x558587054460_0;
    %pad/u 32;
    %pushi/vec4 1, 0, 32;
    %cmp/e;
    %flag_get/vec4 4;
    %load/vec4 v0x558587057600_0;
    %load/vec4 v0x558587097150_0;
    %cmp/e;
    %flag_get/vec4 4;
    %load/vec4 v0x558587057600_0;
    %load/vec4 v0x558587097230_0;
    %cmp/e;
    %flag_get/vec4 4;
    %or;
    %and;
    %load/vec4 v0x558587057600_0;
    %pushi/vec4 0, 0, 5;
    %cmp/ne;
    %flag_get/vec4 4;
    %and;
    %load/vec4 v0x558587096fb0_0;
    %pushi/vec4 1, 0, 1;
    %cmp/e;
    %flag_get/vec4 4;
    %and;
    %flag_set/vec4 8;
    %jmp/0xz  T_8.4, 8;
    %pushi/vec4 0, 0, 1;
    %assign/vec4 v0x558587097570_0, 0;
    %pushi/vec4 0, 0, 1;
    %assign/vec4 v0x558587097310_0, 0;
    %pushi/vec4 1, 0, 1;
    %assign/vec4 v0x5585870708e0_0, 0;
    %pushi/vec4 1, 0, 1;
    %assign/vec4 v0x5585870756c0_0, 0;
    %jmp T_8.5;
T_8.4 ;
    %load/vec4 v0x55858706e7b0_0;
    %load/vec4 v0x558587097150_0;
    %cmp/e;
    %flag_get/vec4 4;
    %load/vec4 v0x55858706e7b0_0;
    %load/vec4 v0x558587097230_0;
    %cmp/e;
    %flag_get/vec4 4;
    %or;
    %load/vec4 v0x55858706e7b0_0;
    %pushi/vec4 0, 0, 5;
    %cmp/ne;
    %flag_get/vec4 4;
    %and;
    %load/vec4 v0x558587071f20_0;
    %pushi/vec4 1, 0, 1;
    %cmp/e;
    %flag_get/vec4 4;
    %and;
    %flag_set/vec4 8;
    %jmp/0xz  T_8.6, 8;
    %pushi/vec4 0, 0, 1;
    %assign/vec4 v0x558587097570_0, 0;
    %pushi/vec4 0, 0, 1;
    %assign/vec4 v0x558587097310_0, 0;
    %pushi/vec4 1, 0, 1;
    %assign/vec4 v0x5585870708e0_0, 0;
    %pushi/vec4 1, 0, 1;
    %assign/vec4 v0x5585870756c0_0, 0;
    %jmp T_8.7;
T_8.6 ;
    %load/vec4 v0x5585870973d0_0;
    %load/vec4 v0x558587097150_0;
    %cmp/e;
    %flag_get/vec4 4;
    %load/vec4 v0x5585870973d0_0;
    %load/vec4 v0x558587097230_0;
    %cmp/e;
    %flag_get/vec4 4;
    %or;
    %load/vec4 v0x5585870973d0_0;
    %pushi/vec4 0, 0, 5;
    %cmp/ne;
    %flag_get/vec4 4;
    %and;
    %load/vec4 v0x5585870974b0_0;
    %pushi/vec4 1, 0, 1;
    %cmp/e;
    %flag_get/vec4 4;
    %and;
    %flag_set/vec4 8;
    %jmp/0xz  T_8.8, 8;
    %pushi/vec4 0, 0, 1;
    %assign/vec4 v0x558587097570_0, 0;
    %pushi/vec4 0, 0, 1;
    %assign/vec4 v0x558587097310_0, 0;
    %pushi/vec4 1, 0, 1;
    %assign/vec4 v0x5585870708e0_0, 0;
    %pushi/vec4 1, 0, 1;
    %assign/vec4 v0x5585870756c0_0, 0;
    %jmp T_8.9;
T_8.8 ;
    %pushi/vec4 1, 0, 1;
    %assign/vec4 v0x558587097570_0, 0;
    %pushi/vec4 1, 0, 1;
    %assign/vec4 v0x558587097310_0, 0;
    %pushi/vec4 0, 0, 1;
    %assign/vec4 v0x5585870708e0_0, 0;
    %pushi/vec4 0, 0, 1;
    %assign/vec4 v0x5585870756c0_0, 0;
T_8.9 ;
T_8.7 ;
T_8.5 ;
T_8.3 ;
T_8.1 ;
    %jmp T_8;
    .thread T_8, $push;
    .scope S_0x558587098f30;
T_9 ;
    %wait E_0x55858708b480;
    %load/vec4 v0x558587099810_0;
    %dup/vec4;
    %pushi/vec4 0, 0, 6;
    %cmp/u;
    %jmp/1 T_9.0, 6;
    %dup/vec4;
    %pushi/vec4 35, 0, 6;
    %cmp/u;
    %jmp/1 T_9.1, 6;
    %dup/vec4;
    %pushi/vec4 43, 0, 6;
    %cmp/u;
    %jmp/1 T_9.2, 6;
    %dup/vec4;
    %pushi/vec4 4, 0, 6;
    %cmp/u;
    %jmp/1 T_9.3, 6;
    %dup/vec4;
    %pushi/vec4 8, 0, 6;
    %cmp/u;
    %jmp/1 T_9.4, 6;
    %dup/vec4;
    %pushi/vec4 2, 0, 6;
    %cmp/u;
    %jmp/1 T_9.5, 6;
    %pushi/vec4 0, 0, 1;
    %assign/vec4 v0x5585870998f0_0, 0;
    %pushi/vec4 0, 0, 1;
    %assign/vec4 v0x558587099330_0, 0;
    %pushi/vec4 0, 0, 1;
    %assign/vec4 v0x558587099690_0, 0;
    %pushi/vec4 0, 0, 1;
    %assign/vec4 v0x5585870999b0_0, 0;
    %pushi/vec4 0, 0, 1;
    %assign/vec4 v0x558587099580_0, 0;
    %pushi/vec4 0, 0, 1;
    %assign/vec4 v0x558587099750_0, 0;
    %pushi/vec4 0, 0, 1;
    %assign/vec4 v0x5585870993f0_0, 0;
    %pushi/vec4 0, 0, 1;
    %assign/vec4 v0x5585870994c0_0, 0;
    %pushi/vec4 0, 0, 2;
    %assign/vec4 v0x558587099230_0, 0;
    %jmp T_9.7;
T_9.0 ;
    %pushi/vec4 1, 0, 1;
    %assign/vec4 v0x5585870998f0_0, 0;
    %pushi/vec4 0, 0, 1;
    %assign/vec4 v0x558587099330_0, 0;
    %pushi/vec4 0, 0, 1;
    %assign/vec4 v0x558587099690_0, 0;
    %pushi/vec4 1, 0, 1;
    %assign/vec4 v0x5585870999b0_0, 0;
    %pushi/vec4 0, 0, 1;
    %assign/vec4 v0x558587099580_0, 0;
    %pushi/vec4 0, 0, 1;
    %assign/vec4 v0x558587099750_0, 0;
    %pushi/vec4 0, 0, 1;
    %assign/vec4 v0x5585870993f0_0, 0;
    %pushi/vec4 0, 0, 1;
    %assign/vec4 v0x5585870994c0_0, 0;
    %pushi/vec4 2, 0, 2;
    %assign/vec4 v0x558587099230_0, 0;
    %jmp T_9.7;
T_9.1 ;
    %pushi/vec4 0, 0, 1;
    %assign/vec4 v0x5585870998f0_0, 0;
    %pushi/vec4 1, 0, 1;
    %assign/vec4 v0x558587099330_0, 0;
    %pushi/vec4 1, 0, 1;
    %assign/vec4 v0x558587099690_0, 0;
    %pushi/vec4 1, 0, 1;
    %assign/vec4 v0x5585870999b0_0, 0;
    %pushi/vec4 1, 0, 1;
    %assign/vec4 v0x558587099580_0, 0;
    %pushi/vec4 0, 0, 1;
    %assign/vec4 v0x558587099750_0, 0;
    %pushi/vec4 0, 0, 1;
    %assign/vec4 v0x5585870993f0_0, 0;
    %pushi/vec4 0, 0, 1;
    %assign/vec4 v0x5585870994c0_0, 0;
    %pushi/vec4 0, 0, 2;
    %assign/vec4 v0x558587099230_0, 0;
    %jmp T_9.7;
T_9.2 ;
    %pushi/vec4 1, 1, 1;
    %assign/vec4 v0x5585870998f0_0, 0;
    %pushi/vec4 1, 0, 1;
    %assign/vec4 v0x558587099330_0, 0;
    %pushi/vec4 1, 1, 1;
    %assign/vec4 v0x558587099690_0, 0;
    %pushi/vec4 0, 0, 1;
    %assign/vec4 v0x5585870999b0_0, 0;
    %pushi/vec4 0, 0, 1;
    %assign/vec4 v0x558587099580_0, 0;
    %pushi/vec4 1, 0, 1;
    %assign/vec4 v0x558587099750_0, 0;
    %pushi/vec4 0, 0, 1;
    %assign/vec4 v0x5585870993f0_0, 0;
    %pushi/vec4 0, 0, 1;
    %assign/vec4 v0x5585870994c0_0, 0;
    %pushi/vec4 0, 0, 2;
    %assign/vec4 v0x558587099230_0, 0;
    %jmp T_9.7;
T_9.3 ;
    %pushi/vec4 1, 1, 1;
    %assign/vec4 v0x5585870998f0_0, 0;
    %pushi/vec4 0, 0, 1;
    %assign/vec4 v0x558587099330_0, 0;
    %pushi/vec4 1, 1, 1;
    %assign/vec4 v0x558587099690_0, 0;
    %pushi/vec4 0, 0, 1;
    %assign/vec4 v0x5585870999b0_0, 0;
    %pushi/vec4 0, 0, 1;
    %assign/vec4 v0x558587099580_0, 0;
    %pushi/vec4 0, 0, 1;
    %assign/vec4 v0x558587099750_0, 0;
    %pushi/vec4 1, 0, 1;
    %assign/vec4 v0x5585870993f0_0, 0;
    %pushi/vec4 0, 0, 1;
    %assign/vec4 v0x5585870994c0_0, 0;
    %pushi/vec4 1, 0, 2;
    %assign/vec4 v0x558587099230_0, 0;
    %jmp T_9.7;
T_9.4 ;
    %pushi/vec4 0, 0, 1;
    %assign/vec4 v0x5585870998f0_0, 0;
    %pushi/vec4 1, 0, 1;
    %assign/vec4 v0x558587099330_0, 0;
    %pushi/vec4 0, 0, 1;
    %assign/vec4 v0x558587099690_0, 0;
    %pushi/vec4 1, 0, 1;
    %assign/vec4 v0x5585870999b0_0, 0;
    %pushi/vec4 0, 0, 1;
    %assign/vec4 v0x558587099580_0, 0;
    %pushi/vec4 0, 0, 1;
    %assign/vec4 v0x558587099750_0, 0;
    %pushi/vec4 0, 0, 1;
    %assign/vec4 v0x5585870993f0_0, 0;
    %pushi/vec4 0, 0, 1;
    %assign/vec4 v0x5585870994c0_0, 0;
    %pushi/vec4 3, 0, 2;
    %assign/vec4 v0x558587099230_0, 0;
    %jmp T_9.7;
T_9.5 ;
    %pushi/vec4 0, 0, 1;
    %assign/vec4 v0x5585870998f0_0, 0;
    %pushi/vec4 0, 0, 1;
    %assign/vec4 v0x558587099330_0, 0;
    %pushi/vec4 0, 0, 1;
    %assign/vec4 v0x558587099690_0, 0;
    %pushi/vec4 0, 0, 1;
    %assign/vec4 v0x5585870999b0_0, 0;
    %pushi/vec4 0, 0, 1;
    %assign/vec4 v0x558587099580_0, 0;
    %pushi/vec4 0, 0, 1;
    %assign/vec4 v0x558587099750_0, 0;
    %pushi/vec4 0, 0, 1;
    %assign/vec4 v0x5585870993f0_0, 0;
    %pushi/vec4 1, 0, 1;
    %assign/vec4 v0x5585870994c0_0, 0;
    %pushi/vec4 0, 0, 2;
    %assign/vec4 v0x558587099230_0, 0;
    %jmp T_9.7;
T_9.7 ;
    %pop/vec4 1;
    %jmp T_9;
    .thread T_9, $push;
    .scope S_0x5585870b16a0;
T_10 ;
    %pushi/vec4 0, 0, 32;
    %ix/load 3, 0, 0;
    %flag_set/imm 4, 0;
    %ix/load 4, 0, 0; Constant delay
    %assign/vec4/a/d v0x5585870b1fd0, 0, 4;
    %end;
    .thread T_10;
    .scope S_0x5585870b16a0;
T_11 ;
    %wait E_0x558587099e20;
    %load/vec4 v0x5585870b2210_0;
    %load/vec4 v0x5585870b2090_0;
    %pushi/vec4 0, 0, 5;
    %cmp/ne;
    %flag_get/vec4 4;
    %and;
    %flag_set/vec4 8;
    %jmp/0xz  T_11.0, 8;
    %load/vec4 v0x5585870b2150_0;
    %load/vec4 v0x5585870b2090_0;
    %pad/u 7;
    %ix/vec4 3;
    %ix/load 4, 0, 0; Constant delay
    %assign/vec4/a/d v0x5585870b1fd0, 0, 4;
T_11.0 ;
    %jmp T_11;
    .thread T_11;
    .scope S_0x5585870a83c0;
T_12 ;
    %wait E_0x558587099e20;
    %load/vec4 v0x5585870a86e0_0;
    %cmpi/e 1, 0, 1;
    %jmp/0xz  T_12.0, 4;
    %load/vec4 v0x5585870a8a90_0;
    %assign/vec4 v0x5585870a8b90_0, 0;
T_12.0 ;
    %jmp T_12;
    .thread T_12;
    .scope S_0x5585870a83c0;
T_13 ;
    %pushi/vec4 0, 0, 1;
    %assign/vec4 v0x5585870a8b90_0, 0;
    %end;
    .thread T_13;
    .scope S_0x5585870a4830;
T_14 ;
    %wait E_0x558587099e20;
    %load/vec4 v0x5585870a4b50_0;
    %cmpi/e 1, 0, 1;
    %jmp/0xz  T_14.0, 4;
    %load/vec4 v0x5585870a4e00_0;
    %assign/vec4 v0x5585870a4f00_0, 0;
T_14.0 ;
    %jmp T_14;
    .thread T_14;
    .scope S_0x5585870a4830;
T_15 ;
    %pushi/vec4 0, 0, 1;
    %assign/vec4 v0x5585870a4f00_0, 0;
    %end;
    .thread T_15;
    .scope S_0x5585870a3a10;
T_16 ;
    %wait E_0x558587099e20;
    %load/vec4 v0x5585870a3d30_0;
    %cmpi/e 1, 0, 1;
    %jmp/0xz  T_16.0, 4;
    %load/vec4 v0x5585870a3ed0_0;
    %assign/vec4 v0x5585870a3fd0_0, 0;
T_16.0 ;
    %jmp T_16;
    .thread T_16;
    .scope S_0x5585870a3a10;
T_17 ;
    %pushi/vec4 0, 0, 1;
    %assign/vec4 v0x5585870a3fd0_0, 0;
    %end;
    .thread T_17;
    .scope S_0x5585870a5050;
T_18 ;
    %wait E_0x558587099e20;
    %load/vec4 v0x5585870a5370_0;
    %cmpi/e 1, 0, 1;
    %jmp/0xz  T_18.0, 4;
    %load/vec4 v0x5585870a5510_0;
    %assign/vec4 v0x5585870a5610_0, 0;
T_18.0 ;
    %jmp T_18;
    .thread T_18;
    .scope S_0x5585870a5050;
T_19 ;
    %pushi/vec4 0, 0, 1;
    %assign/vec4 v0x5585870a5610_0, 0;
    %end;
    .thread T_19;
    .scope S_0x5585870a5750;
T_20 ;
    %wait E_0x558587099e20;
    %load/vec4 v0x5585870a5c80_0;
    %cmpi/e 1, 0, 1;
    %jmp/0xz  T_20.0, 4;
    %load/vec4 v0x5585870a5e20_0;
    %assign/vec4 v0x5585870a5f20_0, 0;
T_20.0 ;
    %jmp T_20;
    .thread T_20;
    .scope S_0x5585870a5750;
T_21 ;
    %pushi/vec4 0, 0, 1;
    %assign/vec4 v0x5585870a5f20_0, 0;
    %end;
    .thread T_21;
    .scope S_0x5585870a2c60;
T_22 ;
    %wait E_0x558587099e20;
    %load/vec4 v0x5585870a2f80_0;
    %cmpi/e 1, 0, 1;
    %jmp/0xz  T_22.0, 4;
    %load/vec4 v0x5585870a3120_0;
    %assign/vec4 v0x5585870a3220_0, 0;
T_22.0 ;
    %jmp T_22;
    .thread T_22;
    .scope S_0x5585870a2c60;
T_23 ;
    %pushi/vec4 0, 0, 2;
    %assign/vec4 v0x5585870a3220_0, 0;
    %end;
    .thread T_23;
    .scope S_0x5585870a6070;
T_24 ;
    %wait E_0x558587099e20;
    %load/vec4 v0x5585870a6390_0;
    %cmpi/e 1, 0, 1;
    %jmp/0xz  T_24.0, 4;
    %load/vec4 v0x5585870a6530_0;
    %assign/vec4 v0x5585870a6630_0, 0;
T_24.0 ;
    %jmp T_24;
    .thread T_24;
    .scope S_0x5585870a6070;
T_25 ;
    %pushi/vec4 0, 0, 1;
    %assign/vec4 v0x5585870a6630_0, 0;
    %end;
    .thread T_25;
    .scope S_0x5585870a3360;
T_26 ;
    %wait E_0x558587099e20;
    %load/vec4 v0x5585870a3630_0;
    %cmpi/e 1, 0, 1;
    %jmp/0xz  T_26.0, 4;
    %load/vec4 v0x5585870a37d0_0;
    %assign/vec4 v0x5585870a38d0_0, 0;
T_26.0 ;
    %jmp T_26;
    .thread T_26;
    .scope S_0x5585870a3360;
T_27 ;
    %pushi/vec4 0, 0, 1;
    %assign/vec4 v0x5585870a38d0_0, 0;
    %end;
    .thread T_27;
    .scope S_0x5585870a8ce0;
T_28 ;
    %wait E_0x558587099e20;
    %load/vec4 v0x5585870a9000_0;
    %cmpi/e 1, 0, 1;
    %jmp/0xz  T_28.0, 4;
    %load/vec4 v0x5585870a91a0_0;
    %assign/vec4 v0x5585870a92a0_0, 0;
T_28.0 ;
    %jmp T_28;
    .thread T_28;
    .scope S_0x5585870a8ce0;
T_29 ;
    %pushi/vec4 0, 0, 1;
    %assign/vec4 v0x5585870a92a0_0, 0;
    %end;
    .thread T_29;
    .scope S_0x5585870a6780;
T_30 ;
    %wait E_0x558587099e20;
    %load/vec4 v0x5585870a6aa0_0;
    %cmpi/e 1, 0, 1;
    %jmp/0xz  T_30.0, 4;
    %load/vec4 v0x5585870a6c40_0;
    %assign/vec4 v0x5585870a6d40_0, 0;
T_30.0 ;
    %jmp T_30;
    .thread T_30;
    .scope S_0x5585870a6780;
T_31 ;
    %pushi/vec4 0, 0, 32;
    %assign/vec4 v0x5585870a6d40_0, 0;
    %end;
    .thread T_31;
    .scope S_0x5585870a75a0;
T_32 ;
    %wait E_0x558587099e20;
    %load/vec4 v0x5585870a78c0_0;
    %cmpi/e 1, 0, 1;
    %jmp/0xz  T_32.0, 4;
    %load/vec4 v0x5585870a7a60_0;
    %assign/vec4 v0x5585870a7b30_0, 0;
T_32.0 ;
    %jmp T_32;
    .thread T_32;
    .scope S_0x5585870a75a0;
T_33 ;
    %pushi/vec4 0, 0, 32;
    %assign/vec4 v0x5585870a7b30_0, 0;
    %end;
    .thread T_33;
    .scope S_0x5585870a7cb0;
T_34 ;
    %wait E_0x558587099e20;
    %load/vec4 v0x5585870a7fd0_0;
    %cmpi/e 1, 0, 1;
    %jmp/0xz  T_34.0, 4;
    %load/vec4 v0x5585870a8170_0;
    %assign/vec4 v0x5585870a8240_0, 0;
T_34.0 ;
    %jmp T_34;
    .thread T_34;
    .scope S_0x5585870a7cb0;
T_35 ;
    %pushi/vec4 0, 0, 32;
    %assign/vec4 v0x5585870a8240_0, 0;
    %end;
    .thread T_35;
    .scope S_0x5585870a4120;
T_36 ;
    %wait E_0x558587099e20;
    %load/vec4 v0x5585870a4440_0;
    %cmpi/e 1, 0, 1;
    %jmp/0xz  T_36.0, 4;
    %load/vec4 v0x5585870a45e0_0;
    %assign/vec4 v0x5585870a46b0_0, 0;
T_36.0 ;
    %jmp T_36;
    .thread T_36;
    .scope S_0x5585870a4120;
T_37 ;
    %pushi/vec4 0, 0, 32;
    %assign/vec4 v0x5585870a46b0_0, 0;
    %end;
    .thread T_37;
    .scope S_0x5585870a93e0;
T_38 ;
    %wait E_0x558587099e20;
    %load/vec4 v0x5585870a9700_0;
    %cmpi/e 1, 0, 1;
    %jmp/0xz  T_38.0, 4;
    %load/vec4 v0x5585870a98a0_0;
    %assign/vec4 v0x5585870a9970_0, 0;
T_38.0 ;
    %jmp T_38;
    .thread T_38;
    .scope S_0x5585870a93e0;
T_39 ;
    %pushi/vec4 0, 0, 5;
    %assign/vec4 v0x5585870a9970_0, 0;
    %end;
    .thread T_39;
    .scope S_0x5585870a9b00;
T_40 ;
    %wait E_0x558587099e20;
    %load/vec4 v0x5585870a9e20_0;
    %cmpi/e 1, 0, 1;
    %jmp/0xz  T_40.0, 4;
    %load/vec4 v0x5585870a9fc0_0;
    %assign/vec4 v0x5585870aa090_0, 0;
T_40.0 ;
    %jmp T_40;
    .thread T_40;
    .scope S_0x5585870a9b00;
T_41 ;
    %pushi/vec4 0, 0, 5;
    %assign/vec4 v0x5585870aa090_0, 0;
    %end;
    .thread T_41;
    .scope S_0x5585870a6e80;
T_42 ;
    %wait E_0x558587099e20;
    %load/vec4 v0x5585870a71a0_0;
    %cmpi/e 1, 0, 1;
    %jmp/0xz  T_42.0, 4;
    %load/vec4 v0x5585870a7340_0;
    %assign/vec4 v0x5585870a7410_0, 0;
T_42.0 ;
    %jmp T_42;
    .thread T_42;
    .scope S_0x5585870a6e80;
T_43 ;
    %pushi/vec4 0, 0, 5;
    %assign/vec4 v0x5585870a7410_0, 0;
    %end;
    .thread T_43;
    .scope S_0x558587097ee0;
T_44 ;
    %wait E_0x558586fc01b0;
    %load/vec4 v0x558587098230_0;
    %dup/vec4;
    %pushi/vec4 0, 0, 2;
    %cmp/u;
    %jmp/1 T_44.0, 6;
    %dup/vec4;
    %pushi/vec4 1, 0, 2;
    %cmp/u;
    %jmp/1 T_44.1, 6;
    %dup/vec4;
    %pushi/vec4 2, 0, 2;
    %cmp/u;
    %jmp/1 T_44.2, 6;
    %dup/vec4;
    %pushi/vec4 3, 0, 2;
    %cmp/u;
    %jmp/1 T_44.3, 6;
    %jmp T_44.4;
T_44.0 ;
    %pushi/vec4 0, 0, 4;
    %assign/vec4 v0x558587098150_0, 0;
    %jmp T_44.4;
T_44.1 ;
    %pushi/vec4 1, 0, 4;
    %assign/vec4 v0x558587098150_0, 0;
    %jmp T_44.4;
T_44.2 ;
    %load/vec4 v0x5585870982f0_0;
    %dup/vec4;
    %pushi/vec4 32, 0, 6;
    %cmp/u;
    %jmp/1 T_44.5, 6;
    %dup/vec4;
    %pushi/vec4 34, 0, 6;
    %cmp/u;
    %jmp/1 T_44.6, 6;
    %dup/vec4;
    %pushi/vec4 36, 0, 6;
    %cmp/u;
    %jmp/1 T_44.7, 6;
    %dup/vec4;
    %pushi/vec4 37, 0, 6;
    %cmp/u;
    %jmp/1 T_44.8, 6;
    %pushi/vec4 0, 0, 4;
    %assign/vec4 v0x558587098150_0, 0;
    %jmp T_44.10;
T_44.5 ;
    %pushi/vec4 0, 0, 4;
    %assign/vec4 v0x558587098150_0, 0;
    %jmp T_44.10;
T_44.6 ;
    %pushi/vec4 1, 0, 4;
    %assign/vec4 v0x558587098150_0, 0;
    %jmp T_44.10;
T_44.7 ;
    %pushi/vec4 4, 0, 4;
    %assign/vec4 v0x558587098150_0, 0;
    %jmp T_44.10;
T_44.8 ;
    %pushi/vec4 5, 0, 4;
    %assign/vec4 v0x558587098150_0, 0;
    %jmp T_44.10;
T_44.10 ;
    %pop/vec4 1;
    %jmp T_44.4;
T_44.3 ;
    %pushi/vec4 0, 0, 4;
    %assign/vec4 v0x558587098150_0, 0;
    %jmp T_44.4;
T_44.4 ;
    %pop/vec4 1;
    %jmp T_44;
    .thread T_44, $push;
    .scope S_0x55858706a630;
T_45 ;
    %wait E_0x558586fd4eb0;
    %load/vec4 v0x558587097c50_0;
    %dup/vec4;
    %pushi/vec4 0, 0, 4;
    %cmp/u;
    %jmp/1 T_45.0, 6;
    %dup/vec4;
    %pushi/vec4 1, 0, 4;
    %cmp/u;
    %jmp/1 T_45.1, 6;
    %dup/vec4;
    %pushi/vec4 2, 0, 4;
    %cmp/u;
    %jmp/1 T_45.2, 6;
    %dup/vec4;
    %pushi/vec4 3, 0, 4;
    %cmp/u;
    %jmp/1 T_45.3, 6;
    %dup/vec4;
    %pushi/vec4 4, 0, 4;
    %cmp/u;
    %jmp/1 T_45.4, 6;
    %dup/vec4;
    %pushi/vec4 5, 0, 4;
    %cmp/u;
    %jmp/1 T_45.5, 6;
    %dup/vec4;
    %pushi/vec4 6, 0, 4;
    %cmp/u;
    %jmp/1 T_45.6, 6;
    %dup/vec4;
    %pushi/vec4 7, 0, 4;
    %cmp/u;
    %jmp/1 T_45.7, 6;
    %jmp T_45.8;
T_45.0 ;
    %load/vec4 v0x5585870979b0_0;
    %load/vec4 v0x558587097ab0_0;
    %add;
    %assign/vec4 v0x558587097b90_0, 0;
    %jmp T_45.8;
T_45.1 ;
    %load/vec4 v0x5585870979b0_0;
    %load/vec4 v0x558587097ab0_0;
    %sub;
    %assign/vec4 v0x558587097b90_0, 0;
    %jmp T_45.8;
T_45.2 ;
    %load/vec4 v0x5585870979b0_0;
    %load/vec4 v0x558587097ab0_0;
    %mul;
    %assign/vec4 v0x558587097b90_0, 0;
    %jmp T_45.8;
T_45.3 ;
    %load/vec4 v0x5585870979b0_0;
    %load/vec4 v0x558587097ab0_0;
    %div;
    %assign/vec4 v0x558587097b90_0, 0;
    %jmp T_45.8;
T_45.4 ;
    %load/vec4 v0x5585870979b0_0;
    %load/vec4 v0x558587097ab0_0;
    %and;
    %assign/vec4 v0x558587097b90_0, 0;
    %jmp T_45.8;
T_45.5 ;
    %load/vec4 v0x5585870979b0_0;
    %load/vec4 v0x558587097ab0_0;
    %or;
    %assign/vec4 v0x558587097b90_0, 0;
    %jmp T_45.8;
T_45.6 ;
    %load/vec4 v0x5585870979b0_0;
    %load/vec4 v0x558587097ab0_0;
    %xor;
    %assign/vec4 v0x558587097b90_0, 0;
    %jmp T_45.8;
T_45.7 ;
    %load/vec4 v0x5585870979b0_0;
    %load/vec4 v0x558587097ab0_0;
    %mod;
    %assign/vec4 v0x558587097b90_0, 0;
    %jmp T_45.8;
T_45.8 ;
    %pop/vec4 1;
    %jmp T_45;
    .thread T_45, $push;
    .scope S_0x5585870ada40;
T_46 ;
    %wait E_0x558587099e20;
    %load/vec4 v0x5585870add60_0;
    %cmpi/e 1, 0, 1;
    %jmp/0xz  T_46.0, 4;
    %load/vec4 v0x5585870adf00_0;
    %assign/vec4 v0x5585870ae000_0, 0;
T_46.0 ;
    %jmp T_46;
    .thread T_46;
    .scope S_0x5585870ada40;
T_47 ;
    %pushi/vec4 0, 0, 1;
    %assign/vec4 v0x5585870ae000_0, 0;
    %end;
    .thread T_47;
    .scope S_0x5585870acc40;
T_48 ;
    %wait E_0x558587099e20;
    %load/vec4 v0x5585870acf60_0;
    %cmpi/e 1, 0, 1;
    %jmp/0xz  T_48.0, 4;
    %load/vec4 v0x5585870ad100_0;
    %assign/vec4 v0x5585870ad200_0, 0;
T_48.0 ;
    %jmp T_48;
    .thread T_48;
    .scope S_0x5585870acc40;
T_49 ;
    %pushi/vec4 0, 0, 1;
    %assign/vec4 v0x5585870ad200_0, 0;
    %end;
    .thread T_49;
    .scope S_0x5585870ae140;
T_50 ;
    %wait E_0x558587099e20;
    %load/vec4 v0x5585870ae460_0;
    %cmpi/e 1, 0, 1;
    %jmp/0xz  T_50.0, 4;
    %load/vec4 v0x5585870ae600_0;
    %assign/vec4 v0x5585870ae720_0, 0;
T_50.0 ;
    %jmp T_50;
    .thread T_50;
    .scope S_0x5585870ae140;
T_51 ;
    %pushi/vec4 0, 0, 1;
    %assign/vec4 v0x5585870ae720_0, 0;
    %end;
    .thread T_51;
    .scope S_0x5585870ae850;
T_52 ;
    %wait E_0x558587099e20;
    %load/vec4 v0x5585870aeb70_0;
    %cmpi/e 1, 0, 1;
    %jmp/0xz  T_52.0, 4;
    %load/vec4 v0x5585870aed10_0;
    %assign/vec4 v0x5585870aee10_0, 0;
T_52.0 ;
    %jmp T_52;
    .thread T_52;
    .scope S_0x5585870ae850;
T_53 ;
    %pushi/vec4 0, 0, 1;
    %assign/vec4 v0x5585870aee10_0, 0;
    %end;
    .thread T_53;
    .scope S_0x5585870aef50;
T_54 ;
    %wait E_0x558587099e20;
    %load/vec4 v0x5585870af270_0;
    %cmpi/e 1, 0, 1;
    %jmp/0xz  T_54.0, 4;
    %load/vec4 v0x5585870af410_0;
    %assign/vec4 v0x5585870af510_0, 0;
T_54.0 ;
    %jmp T_54;
    .thread T_54;
    .scope S_0x5585870aef50;
T_55 ;
    %pushi/vec4 0, 0, 1;
    %assign/vec4 v0x5585870af510_0, 0;
    %end;
    .thread T_55;
    .scope S_0x5585870b0170;
T_56 ;
    %wait E_0x558587099e20;
    %load/vec4 v0x5585870b0490_0;
    %cmpi/e 1, 0, 1;
    %jmp/0xz  T_56.0, 4;
    %load/vec4 v0x5585870b0630_0;
    %assign/vec4 v0x5585870b0750_0, 0;
T_56.0 ;
    %jmp T_56;
    .thread T_56;
    .scope S_0x5585870b0170;
T_57 ;
    %pushi/vec4 0, 0, 1;
    %assign/vec4 v0x5585870b0750_0, 0;
    %end;
    .thread T_57;
    .scope S_0x5585870ad340;
T_58 ;
    %wait E_0x558587099e20;
    %load/vec4 v0x5585870ad660_0;
    %cmpi/e 1, 0, 1;
    %jmp/0xz  T_58.0, 4;
    %load/vec4 v0x5585870ad800_0;
    %assign/vec4 v0x5585870ad900_0, 0;
T_58.0 ;
    %jmp T_58;
    .thread T_58;
    .scope S_0x5585870ad340;
T_59 ;
    %pushi/vec4 0, 0, 32;
    %assign/vec4 v0x5585870ad900_0, 0;
    %end;
    .thread T_59;
    .scope S_0x5585870b0fa0;
T_60 ;
    %wait E_0x558587099e20;
    %load/vec4 v0x5585870b12c0_0;
    %cmpi/e 1, 0, 1;
    %jmp/0xz  T_60.0, 4;
    %load/vec4 v0x5585870b1460_0;
    %assign/vec4 v0x5585870b1560_0, 0;
T_60.0 ;
    %jmp T_60;
    .thread T_60;
    .scope S_0x5585870b0fa0;
T_61 ;
    %pushi/vec4 0, 0, 1;
    %assign/vec4 v0x5585870b1560_0, 0;
    %end;
    .thread T_61;
    .scope S_0x5585870ac530;
T_62 ;
    %wait E_0x558587099e20;
    %load/vec4 v0x5585870ac850_0;
    %cmpi/e 1, 0, 1;
    %jmp/0xz  T_62.0, 4;
    %load/vec4 v0x5585870ac9f0_0;
    %assign/vec4 v0x5585870acaf0_0, 0;
T_62.0 ;
    %jmp T_62;
    .thread T_62;
    .scope S_0x5585870ac530;
T_63 ;
    %pushi/vec4 0, 0, 32;
    %assign/vec4 v0x5585870acaf0_0, 0;
    %end;
    .thread T_63;
    .scope S_0x5585870af650;
T_64 ;
    %wait E_0x558587099e20;
    %load/vec4 v0x5585870af970_0;
    %cmpi/e 1, 0, 1;
    %jmp/0xz  T_64.0, 4;
    %load/vec4 v0x5585870aff20_0;
    %assign/vec4 v0x5585870b0040_0, 0;
T_64.0 ;
    %jmp T_64;
    .thread T_64;
    .scope S_0x5585870af650;
T_65 ;
    %pushi/vec4 0, 0, 32;
    %assign/vec4 v0x5585870b0040_0, 0;
    %end;
    .thread T_65;
    .scope S_0x5585870b08c0;
T_66 ;
    %wait E_0x558587099e20;
    %load/vec4 v0x5585870b0bb0_0;
    %cmpi/e 1, 0, 1;
    %jmp/0xz  T_66.0, 4;
    %load/vec4 v0x5585870b0d50_0;
    %assign/vec4 v0x5585870b0e50_0, 0;
T_66.0 ;
    %jmp T_66;
    .thread T_66;
    .scope S_0x5585870b08c0;
T_67 ;
    %pushi/vec4 0, 0, 5;
    %assign/vec4 v0x5585870b0e50_0, 0;
    %end;
    .thread T_67;
    .scope S_0x558587098430;
T_68 ;
    %wait E_0x55858708adb0;
    %load/vec4 v0x5585870986a0_0;
    %load/vec4 v0x558587098780_0;
    %and;
    %assign/vec4 v0x558587098840_0, 0;
    %jmp T_68;
    .thread T_68, $push;
    .scope S_0x558587099bb0;
T_69 ;
    %wait E_0x558587099e20;
    %load/vec4 v0x55858709a2f0_0;
    %flag_set/vec4 8;
    %jmp/0xz  T_69.0, 8;
    %load/vec4 v0x55858709a490_0;
    %ix/getv 3, v0x558587099fa0_0;
    %ix/load 4, 0, 0; Constant delay
    %assign/vec4/a/d v0x55858709a120, 0, 4;
T_69.0 ;
    %jmp T_69;
    .thread T_69;
    .scope S_0x5585870aa920;
T_70 ;
    %wait E_0x558587099e20;
    %load/vec4 v0x5585870aac40_0;
    %cmpi/e 1, 0, 1;
    %jmp/0xz  T_70.0, 4;
    %load/vec4 v0x5585870aade0_0;
    %assign/vec4 v0x5585870aaeb0_0, 0;
T_70.0 ;
    %jmp T_70;
    .thread T_70;
    .scope S_0x5585870aa920;
T_71 ;
    %pushi/vec4 0, 0, 1;
    %assign/vec4 v0x5585870aaeb0_0, 0;
    %end;
    .thread T_71;
    .scope S_0x5585870ab730;
T_72 ;
    %wait E_0x558587099e20;
    %load/vec4 v0x5585870aba50_0;
    %cmpi/e 1, 0, 1;
    %jmp/0xz  T_72.0, 4;
    %load/vec4 v0x5585870abbf0_0;
    %assign/vec4 v0x5585870abcf0_0, 0;
T_72.0 ;
    %jmp T_72;
    .thread T_72;
    .scope S_0x5585870ab730;
T_73 ;
    %pushi/vec4 0, 0, 1;
    %assign/vec4 v0x5585870abcf0_0, 0;
    %end;
    .thread T_73;
    .scope S_0x5585870ab030;
T_74 ;
    %wait E_0x558587099e20;
    %load/vec4 v0x5585870ab350_0;
    %cmpi/e 1, 0, 1;
    %jmp/0xz  T_74.0, 4;
    %load/vec4 v0x5585870ab4f0_0;
    %assign/vec4 v0x5585870ab5f0_0, 0;
T_74.0 ;
    %jmp T_74;
    .thread T_74;
    .scope S_0x5585870ab030;
T_75 ;
    %pushi/vec4 0, 0, 32;
    %assign/vec4 v0x5585870ab5f0_0, 0;
    %end;
    .thread T_75;
    .scope S_0x5585870aa220;
T_76 ;
    %wait E_0x558587099e20;
    %load/vec4 v0x5585870aa540_0;
    %cmpi/e 1, 0, 1;
    %jmp/0xz  T_76.0, 4;
    %load/vec4 v0x5585870aa6e0_0;
    %assign/vec4 v0x5585870aa7e0_0, 0;
T_76.0 ;
    %jmp T_76;
    .thread T_76;
    .scope S_0x5585870aa220;
T_77 ;
    %pushi/vec4 0, 0, 32;
    %assign/vec4 v0x5585870aa7e0_0, 0;
    %end;
    .thread T_77;
    .scope S_0x5585870abe30;
T_78 ;
    %wait E_0x558587099e20;
    %load/vec4 v0x5585870ac150_0;
    %cmpi/e 1, 0, 1;
    %jmp/0xz  T_78.0, 4;
    %load/vec4 v0x5585870ac2f0_0;
    %assign/vec4 v0x5585870ac3f0_0, 0;
T_78.0 ;
    %jmp T_78;
    .thread T_78;
    .scope S_0x5585870abe30;
T_79 ;
    %pushi/vec4 0, 0, 5;
    %assign/vec4 v0x5585870ac3f0_0, 0;
    %end;
    .thread T_79;
    .scope S_0x558587069810;
T_80 ;
    %wait E_0x558586f9c6e0;
    %delay 5, 0;
    %load/vec4 v0x5585870b86a0_0;
    %nor/r;
    %assign/vec4 v0x5585870b86a0_0, 0;
    %jmp T_80;
    .thread T_80, $push;
    .scope S_0x558587069810;
T_81 ;
    %vpi_call 2 16 "$dumpfile", "top.vcd" {0 0 0};
    %vpi_call 2 17 "$dumpvars", 32'sb00000000000000000000000000000000, S_0x558587069810 {0 0 0};
    %pushi/vec4 0, 0, 1;
    %store/vec4 v0x5585870b86a0_0, 0, 1;
    %delay 170, 0;
    %vpi_call 2 21 "$finish" {0 0 0};
    %end;
    .thread T_81;
# The file index is used to find the file name in the following table.
:file_names 18;
    "N/A";
    "<interactive>";
    "top_tb.v";
    "./top.v";
    "./hazardDetection.v";
    "./alu.v";
    "./alucontrol.v";
    "./and.v";
    "./adder.v";
    "./control.v";
    "./dmem.v";
    "./mux.v";
    "./imem.v";
    "./pc.v";
    "./register.v";
    "./regfile.v";
    "./sll2.v";
    "./signextend.v";
